"../../../../../../Users/Ruggo/Documents/Unity projects/MVP-Build-Org/Content/Textures/Balbi_poster.uasset" 0
"../../../../../../Users/Ruggo/Documents/Unity projects/MVP-Build-Org/Content/Materials/M_Balbi_Poster.uasset" 1
"../../../../../../Users/Ruggo/Documents/Unity projects/MVP-Build-Org/Content/M_Balbi_Poster.uasset" 2
"../../../../../../Users/Ruggo/Documents/Unity projects/MVP-Build-Org/Content/Materials/M_Balbi_Poster_Inst1.uasset" 3
"../../../../../../Users/Ruggo/Documents/Unity projects/MVP-Build-Org/Content/M_Balbi_Poster_Inst1.uasset" 4
"../../../../../../Users/Ruggo/Documents/Unity projects/MVP-Build-Org/Content/Materials/M_Balbi_Poster_Inst1_Inst2.uasset" 5
"../../../../../../Users/Ruggo/Documents/Unity projects/MVP-Build-Org/Content/M_Balbi_Poster_Inst1_Inst2.uasset" 6
"../../../../../../Users/Ruggo/Documents/Unity projects/MVP-Build-Org/Content/Materials/M_Balbi_Poster_Inst1_Inst2_Inst3.uasset" 7
"../../../../../../Users/Ruggo/Documents/Unity projects/MVP-Build-Org/Content/M_Balbi_Poster_Inst1_Inst2_Inst3.uasset" 8
"../../../../../../Users/Ruggo/Documents/Unity projects/MVP-Build-Org/Content/Textures/Grey_logo_for_docs.uasset" 9
"../../../../../../Users/Ruggo/Documents/Unity projects/MVP-Build-Org/Content/Materials/M_BC_Logo.uasset" 10
"../../../../../../Users/Ruggo/Documents/Unity projects/MVP-Build-Org/Content/M_BC_Logo.uasset" 11
"../../../../../../Users/Ruggo/Documents/Unity projects/MVP-Build-Org/Content/Animation/Rig/SK_AnimMan_RIG_Skeleton.uasset" 12
"../../../../../../Users/Ruggo/Documents/Unity projects/MVP-Build-Org/Content/Animation/Rig/SK_AnimMan_RIG_PhysicsAsset.uasset" 13
"../../../../../../Users/Ruggo/Documents/Unity projects/MVP-Build-Org/Content/Animation/Rig/SK_AnimMan_RIG.uasset" 14
"../../../../../../Users/Ruggo/Documents/Unity projects/MVP-Build-Org/Content/Assets/Audio/ResonanceAudioSettings/ResonanceHRTFSpatialization.uasset" 15
"../../../../../../Users/Ruggo/Documents/Unity projects/MVP-Build-Org/Content/Virtual_Studio_Kit/Textures/T_MacroVariation.uasset" 16
"../../../../../../Users/Ruggo/Documents/Unity projects/MVP-Build-Org/Content/Virtual_Studio_Kit/Materials/M_Metal_Chrome.uasset" 17
"../../../../../../Users/Ruggo/Documents/Unity projects/MVP-Build-Org/Content/Virtual_Studio_Kit/Textures/Wood_Cherry_Floor_roughness.uasset" 18
"../../../../../../Users/Ruggo/Documents/Unity projects/MVP-Build-Org/Content/Virtual_Studio_Kit/Materials/Metals/M_Metal_Int_01.uasset" 19
"../../../../../../Users/Ruggo/Documents/Unity projects/MVP-Build-Org/Content/Virtual_Studio_Kit/Materials/Metals/M_Metal_Int_01_Inst.uasset" 20
"../../../../../../Users/Ruggo/Documents/Unity projects/MVP-Build-Org/Content/Virtual_Studio_Kit/Meshes/Paragon/Mod_Wall_10ft.uasset" 21
"../../../../../../Users/Ruggo/Documents/Unity projects/MVP-Build-Org/Content/Blueprint/AnimLogoWall.uasset" 22
"../../../../../../Users/Ruggo/Documents/Unity projects/MVP-Build-Org/Content/StylizedModularChar/Textures/T_Eyes_M.uasset" 23
"../../../../../../Users/Ruggo/Documents/Unity projects/MVP-Build-Org/Content/StylizedModularChar/Textures/T_Eyes_C.uasset" 24
"../../../../../../Users/Ruggo/Documents/Unity projects/MVP-Build-Org/Content/StylizedModularChar/Textures/T_BaseMask.uasset" 25
"../../../Engine/Content/EngineMaterials/FlatNormal.uasset" 26
"../../../Engine/Content/EngineMaterials/BlendFunc_DefBlend.uasset" 27
"../../../Engine/Content/EngineMaterials/BlendFunc_DefBase.uasset" 28
"../../../../../../Users/Ruggo/Documents/Unity projects/MVP-Build-Org/Content/StylizedModularChar/Textures/T_Body_C.uasset" 29
"../../../Engine/Content/Functions/Engine_MaterialFunctions03/Blends/Blend_Overlay.uasset" 30
"../../../../../../Users/Ruggo/Documents/Unity projects/MVP-Build-Org/Content/StylizedModularChar/Materials/Masters/M_MasterClothes.uasset" 31
"../../../../../../Users/Ruggo/Documents/Unity projects/MVP-Build-Org/Content/StylizedModularChar/Materials/MI_Eyes.uasset" 32
"../../../../../../Users/Ruggo/Documents/Unity projects/MVP-Build-Org/Content/StylizedModularChar/Meshes/SM_Eyes.uasset" 33
"../../../../../../Users/Ruggo/Documents/Unity projects/MVP-Build-Org/Content/StylizedModularChar/Textures/T_Body_N.uasset" 34
"../../../../../../Users/Ruggo/Documents/Unity projects/MVP-Build-Org/Content/StylizedModularChar/Textures/T_Body_M.uasset" 35
"../../../../../../Users/Ruggo/Documents/Unity projects/MVP-Build-Org/Content/StylizedModularChar/Materials/HairMaterialParameterCollection_2.uasset" 36
"../../../../../../Users/Ruggo/Documents/Unity projects/MVP-Build-Org/Content/StylizedModularChar/Materials/Masters/M_MasterBody.uasset" 37
"../../../../../../Users/Ruggo/Documents/Unity projects/MVP-Build-Org/Content/StylizedModularChar/Materials/MI_Body.uasset" 38
"../../../Engine/Content/EngineMeshes/Humanoid.uasset" 39
"../../../../../../Users/Ruggo/Documents/Unity projects/MVP-Build-Org/Content/StylizedModularChar/Meshes/SMC_Skeleton.uasset" 40
"../../../../../../Users/Ruggo/Documents/Unity projects/MVP-Build-Org/Content/StylizedModularChar/Meshes/Male/Legs/SK_Body_Legs.uasset" 41
"../../../../../../Users/Ruggo/Documents/Unity projects/MVP-Build-Org/Content/StylizedModularChar/Meshes/Male/Hands/SK_Body_Hands.uasset" 42
"../../../../../../Users/Ruggo/Documents/Unity projects/MVP-Build-Org/Content/StylizedModularChar/Materials/HairMaterialParameterCollection.uasset" 43
"../../../../../../Users/Ruggo/Documents/Unity projects/MVP-Build-Org/Content/StylizedModularChar/Textures/T_HairSet01_C.uasset" 44
"../../../../../../Users/Ruggo/Documents/Unity projects/MVP-Build-Org/Content/StylizedModularChar/Materials/Masters/M_MasterHair.uasset" 45
"../../../../../../Users/Ruggo/Documents/Unity projects/MVP-Build-Org/Content/StylizedModularChar/Textures/T_HairSet01_N.uasset" 46
"../../../../../../Users/Ruggo/Documents/Unity projects/MVP-Build-Org/Content/StylizedModularChar/Materials/MI_HairSet_01.uasset" 47
"../../../../../../Users/Ruggo/Documents/Unity projects/MVP-Build-Org/Content/StylizedModularChar/Meshes/Male/Hair/SM_Eyebrow_01.uasset" 48
"../../../../../../Users/Ruggo/Documents/Unity projects/MVP-Build-Org/Content/StylizedModularChar/Meshes/Male/Face/SK_Body_Face.uasset" 49
"../../../../../../Users/Ruggo/Documents/Unity projects/MVP-Build-Org/Content/StylizedModularChar/Meshes/Male/Chest/SK_Body_Chest.uasset" 50
"../../../../../../Users/Ruggo/Documents/Unity projects/MVP-Build-Org/Content/StylizedModularChar/Blueprints/DanceInterface.uasset" 51
"../../../../../../Users/Ruggo/Documents/Unity projects/MVP-Build-Org/Content/StylizedModularChar/Animations/ThirdPersonWalk.uasset" 52
"../../../../../../Users/Ruggo/Documents/Unity projects/MVP-Build-Org/Content/StylizedModularChar/Animations/ThirdPersonRun.uasset" 53
"../../../../../../Users/Ruggo/Documents/Unity projects/MVP-Build-Org/Content/StylizedModularChar/Animations/ThirdPersonIdle.uasset" 54
"../../../../../../Users/Ruggo/Documents/Unity projects/MVP-Build-Org/Content/StylizedModularChar/Animations/IdleToRun.uasset" 55
"../../../../../../Users/Ruggo/Documents/Unity projects/MVP-Build-Org/Content/StylizedModularChar/Animations/ThirdPersonJump_Start.uasset" 56
"../../../../../../Users/Ruggo/Documents/Unity projects/MVP-Build-Org/Content/StylizedModularChar/Animations/ThirdPersonJump_Loop.uasset" 57
"../../../../../../Users/Ruggo/Documents/Unity projects/MVP-Build-Org/Content/StylizedModularChar/Animations/ThirdPersonJump_End.uasset" 58
"../../../../../../Users/Ruggo/Documents/Unity projects/MVP-Build-Org/Content/StylizedModularChar/Animations/Dance/Chicken_Dance.uasset" 59
"../../../Engine/Content/EditorBlueprintResources/StandardMacros.uasset" 60
"../../../../../../Users/Ruggo/Documents/Unity projects/MVP-Build-Org/Content/StylizedModularChar/Animations/StylizedCharacterAnimnBP.uasset" 61
"../../../../../../Users/Ruggo/Documents/Unity projects/MVP-Build-Org/Content/StylizedModularChar/Animations/StaticPose.uasset" 62
"../../../../../../Users/Ruggo/Documents/Unity projects/MVP-Build-Org/Content/Blueprint/UI/ControlPage/TAb.uasset" 63
"../../../../../../Users/Ruggo/Documents/Unity projects/MVP-Build-Org/Content/Blueprint/UI/ControlPage/Switch_Camera.uasset" 64
"../../../../../../Users/Ruggo/Documents/Unity projects/MVP-Build-Org/Content/Blueprint/UI/ControlPage/Panel.uasset" 65
"../../../../../../Users/Ruggo/Documents/Unity projects/MVP-Build-Org/Content/Blueprint/UI/ControlPage/Movements_1.uasset" 66
"../../../../../../Users/Ruggo/Documents/Unity projects/MVP-Build-Org/Content/Blueprint/UI/ControlPage/Look_Around.uasset" 67
"../../../../../../Users/Ruggo/Documents/Unity projects/MVP-Build-Org/Content/Blueprint/UI/ControlPage/Jump.uasset" 68
"../../../../../../Users/Ruggo/Documents/Unity projects/MVP-Build-Org/Content/Blueprint/UI/ControlPage/Interact.uasset" 69
"../../../../../../Users/Ruggo/Documents/Unity projects/MVP-Build-Org/Content/Blueprint/UI/ControlPage/Grid.uasset" 70
"../../../../../../Users/Ruggo/Documents/Unity projects/MVP-Build-Org/Content/Blueprint/UI/ControlPage/Dance.uasset" 71
"../../../../../../Users/Ruggo/Documents/Unity projects/MVP-Build-Org/Content/Blueprint/UI/ControlPage/Camera_Speed.uasset" 72
"../../../../../../Users/Ruggo/Documents/Unity projects/MVP-Build-Org/Content/Blueprint/UI/PlayerHUD.uasset" 73
"../../../../../../Users/Ruggo/Documents/Unity projects/MVP-Build-Org/Content/Blueprint/UI/NamePlate.uasset" 74
"../../../../../../Users/Ruggo/Documents/Unity projects/MVP-Build-Org/Content/Blueprint/UI/CharacterMenu/Logo.uasset" 75
"../../../../../../Users/Ruggo/Documents/Unity projects/MVP-Build-Org/Content/Blueprint/UI/CharacterMenu/Character_10.uasset" 76
"../../../../../../Users/Ruggo/Documents/Unity projects/MVP-Build-Org/Content/Blueprint/UI/CharacterMenu/Character9.uasset" 77
"../../../../../../Users/Ruggo/Documents/Unity projects/MVP-Build-Org/Content/Blueprint/UI/CharacterMenu/Character8.uasset" 78
"../../../../../../Users/Ruggo/Documents/Unity projects/MVP-Build-Org/Content/Blueprint/UI/CharacterMenu/Character7.uasset" 79
"../../../../../../Users/Ruggo/Documents/Unity projects/MVP-Build-Org/Content/Blueprint/UI/CharacterMenu/Character5.uasset" 80
"../../../../../../Users/Ruggo/Documents/Unity projects/MVP-Build-Org/Content/Blueprint/UI/CharacterMenu/Character4.uasset" 81
"../../../../../../Users/Ruggo/Documents/Unity projects/MVP-Build-Org/Content/Blueprint/UI/CharacterMenu/Character3.uasset" 82
"../../../../../../Users/Ruggo/Documents/Unity projects/MVP-Build-Org/Content/Blueprint/UI/CharacterMenu/Character2.uasset" 83
"../../../../../../Users/Ruggo/Documents/Unity projects/MVP-Build-Org/Content/Blueprint/UI/CharacterMenu/Character1.uasset" 84
"../../../../../../Users/Ruggo/Documents/Unity projects/MVP-Build-Org/Content/Blueprint/UI/CharacterMenu/Button.uasset" 85
"../../../../../../Users/Ruggo/Documents/Unity projects/MVP-Build-Org/Content/Blueprint/UI/CharacterMenu/BG.uasset" 86
"../../../../../../Users/Ruggo/Documents/Unity projects/MVP-Build-Org/Content/Blueprint/UI/CharacterMenu/Active_Stroke.uasset" 87
"../../../../../../Users/Ruggo/Documents/Unity projects/MVP-Build-Org/Content/Blueprint/UI/CharacterMenu/9.uasset" 88
"../../../../../../Users/Ruggo/Documents/Unity projects/MVP-Build-Org/Content/Blueprint/UI/CharacterMenu/8.uasset" 89
"../../../../../../Users/Ruggo/Documents/Unity projects/MVP-Build-Org/Content/Blueprint/UI/CharacterMenu/7.uasset" 90
"../../../../../../Users/Ruggo/Documents/Unity projects/MVP-Build-Org/Content/Blueprint/UI/CharacterMenu/6.uasset" 91
"../../../../../../Users/Ruggo/Documents/Unity projects/MVP-Build-Org/Content/Blueprint/UI/CharacterMenu/5.uasset" 92
"../../../../../../Users/Ruggo/Documents/Unity projects/MVP-Build-Org/Content/Blueprint/UI/CharacterMenu/4.uasset" 93
"../../../../../../Users/Ruggo/Documents/Unity projects/MVP-Build-Org/Content/Blueprint/UI/CharacterMenu/3.uasset" 94
"../../../../../../Users/Ruggo/Documents/Unity projects/MVP-Build-Org/Content/Blueprint/UI/CharacterMenu/2.uasset" 95
"../../../../../../Users/Ruggo/Documents/Unity projects/MVP-Build-Org/Content/Blueprint/UI/CharacterMenu/10.uasset" 96
"../../../../../../Users/Ruggo/Documents/Unity projects/MVP-Build-Org/Content/Blueprint/UI/CharacterMenu/1.uasset" 97
"../../../../../../Users/Ruggo/Documents/Unity projects/MVP-Build-Org/Content/Blueprint/UI/CharacterMenu/Character6.uasset" 98
"../../../../../../Users/Ruggo/Documents/Unity projects/MVP-Build-Org/Content/Blueprint/PlayerSelection.uasset" 99
"../../../../../../Users/Ruggo/Documents/Unity projects/MVP-Build-Org/Content/Blueprint/UI/PDF/Page5.uasset" 100
"../../../../../../Users/Ruggo/Documents/Unity projects/MVP-Build-Org/Content/Blueprint/UI/PDF/Page4.uasset" 101
"../../../../../../Users/Ruggo/Documents/Unity projects/MVP-Build-Org/Content/Blueprint/UI/PDF/Page3.uasset" 102
"../../../../../../Users/Ruggo/Documents/Unity projects/MVP-Build-Org/Content/Blueprint/UI/PDF/Page2.uasset" 103
"../../../../../../Users/Ruggo/Documents/Unity projects/MVP-Build-Org/Content/Blueprint/UI/PDF/Page1.uasset" 104
"../../../../../../Users/Ruggo/Documents/Unity projects/MVP-Build-Org/Content/Blueprint/UI/Close_Icon.uasset" 105
"../../../../../../Users/Ruggo/Documents/Unity projects/MVP-Build-Org/Content/Blueprint/UI/BuynowButton.uasset" 106
"../../../../../../Users/Ruggo/Documents/Unity projects/MVP-Build-Org/Content/Blueprint/UI/PDF/006.uasset" 107
"../../../../../../Users/Ruggo/Documents/Unity projects/MVP-Build-Org/Content/Blueprint/UI/PDF/005.uasset" 108
"../../../../../../Users/Ruggo/Documents/Unity projects/MVP-Build-Org/Content/Blueprint/UI/PDF/004.uasset" 109
"../../../../../../Users/Ruggo/Documents/Unity projects/MVP-Build-Org/Content/Blueprint/UI/PDF/003.uasset" 110
"../../../../../../Users/Ruggo/Documents/Unity projects/MVP-Build-Org/Content/Blueprint/UI/PDF/002.uasset" 111
"../../../../../../Users/Ruggo/Documents/Unity projects/MVP-Build-Org/Content/Blueprint/UI/DSLRPDF.uasset" 112
"../../../../../../Users/Ruggo/Documents/Unity projects/MVP-Build-Org/Content/Blueprint/Multiplayer_HUD.uasset" 113
"../../../../../../Users/Ruggo/Documents/Unity projects/MVP-Build-Org/Content/Blueprint/UI/PlayStationPDF.uasset" 114
"../../../../../../Users/Ruggo/Documents/Unity projects/MVP-Build-Org/Content/Blueprint/MultiPlayer_PC.uasset" 115
"../../../../../../Users/Ruggo/Documents/Unity projects/MVP-Build-Org/Content/Blueprint/PS_PDF.uasset" 116
"../../../../../../Users/Ruggo/Documents/Unity projects/MVP-Build-Org/Content/Blueprint/DSLR_PDF.uasset" 117
"../../../../../../Users/Ruggo/Documents/Unity projects/MVP-Build-Org/Content/StylizedModularChar/Blueprints/StylizedCharacter.uasset" 118
"../../../../../../Users/Ruggo/Documents/Unity projects/MVP-Build-Org/Content/StylizedModularChar/Textures/T_SpaceSuit_N.uasset" 119
"../../../../../../Users/Ruggo/Documents/Unity projects/MVP-Build-Org/Content/StylizedModularChar/Textures/T_SpaceSuit_Mask.uasset" 120
"../../../../../../Users/Ruggo/Documents/Unity projects/MVP-Build-Org/Content/StylizedModularChar/Textures/T_SpaceSuit_M.uasset" 121
"../../../../../../Users/Ruggo/Documents/Unity projects/MVP-Build-Org/Content/StylizedModularChar/Textures/T_SpaceSuit_C.uasset" 122
"../../../../../../Users/Ruggo/Documents/Unity projects/MVP-Build-Org/Content/StylizedModularChar/Materials/MI_SpaceSuit.uasset" 123
"../../../../../../Users/Ruggo/Documents/Unity projects/MVP-Build-Org/Content/StylizedModularChar/Meshes/Female/Legs/SK_Female_SpaceSuit_Legs.uasset" 124
"../../../../../../Users/Ruggo/Documents/Unity projects/MVP-Build-Org/Content/StylizedModularChar/Meshes/Female/Hands/SK_Female_SpaceSuit_Gloves.uasset" 125
"../../../../../../Users/Ruggo/Documents/Unity projects/MVP-Build-Org/Content/StylizedModularChar/Meshes/Female/Face/SK_Female_SpaceSuit_Helm.uasset" 126
"../../../../../../Users/Ruggo/Documents/Unity projects/MVP-Build-Org/Content/StylizedModularChar/Meshes/Female/Chest/SK_Female_SpaceSuit_Chest.uasset" 127
"../../../../../../Users/Ruggo/Documents/Unity projects/MVP-Build-Org/Content/StylizedModularChar/Animations/Dance/Bboy_Hip_Hop_Move001.uasset" 128
"../../../../../../Users/Ruggo/Documents/Unity projects/MVP-Build-Org/Content/StylizedModularChar/Animations/StylizedCharacterAnimnBP_3.uasset" 129
"../../../../../../Users/Ruggo/Documents/Unity projects/MVP-Build-Org/Content/StylizedModularChar/Blueprints/Player_9.uasset" 130
"../../../../../../Users/Ruggo/Documents/Unity projects/MVP-Build-Org/Content/StylizedModularChar/Textures/T_HairSet04_N.uasset" 131
"../../../../../../Users/Ruggo/Documents/Unity projects/MVP-Build-Org/Content/StylizedModularChar/Textures/T_HairSet04_C.uasset" 132
"../../../../../../Users/Ruggo/Documents/Unity projects/MVP-Build-Org/Content/StylizedModularChar/Materials/MI_HairSet_04.uasset" 133
"../../../../../../Users/Ruggo/Documents/Unity projects/MVP-Build-Org/Content/StylizedModularChar/Textures/T_Soldier_N.uasset" 134
"../../../../../../Users/Ruggo/Documents/Unity projects/MVP-Build-Org/Content/StylizedModularChar/Textures/T_Soldier_Mask.uasset" 135
"../../../../../../Users/Ruggo/Documents/Unity projects/MVP-Build-Org/Content/StylizedModularChar/Textures/T_Soldier_M.uasset" 136
"../../../../../../Users/Ruggo/Documents/Unity projects/MVP-Build-Org/Content/StylizedModularChar/Textures/T_Soldier_C.uasset" 137
"../../../../../../Users/Ruggo/Documents/Unity projects/MVP-Build-Org/Content/StylizedModularChar/Materials/MI_Soldier.uasset" 138
"../../../../../../Users/Ruggo/Documents/Unity projects/MVP-Build-Org/Content/StylizedModularChar/Meshes/Female/Legs/SK_Female_Soldier_Legs.uasset" 139
"../../../../../../Users/Ruggo/Documents/Unity projects/MVP-Build-Org/Content/StylizedModularChar/Textures/T_Casual_N.uasset" 140
"../../../../../../Users/Ruggo/Documents/Unity projects/MVP-Build-Org/Content/StylizedModularChar/Textures/T_Casual_M.uasset" 141
"../../../../../../Users/Ruggo/Documents/Unity projects/MVP-Build-Org/Content/StylizedModularChar/Textures/T_Casual_C.uasset" 142
"../../../../../../Users/Ruggo/Documents/Unity projects/MVP-Build-Org/Content/StylizedModularChar/Materials/MI_CasualGlovesFingers.uasset" 143
"../../../../../../Users/Ruggo/Documents/Unity projects/MVP-Build-Org/Content/StylizedModularChar/Textures/T_Casual_Mask.uasset" 144
"../../../../../../Users/Ruggo/Documents/Unity projects/MVP-Build-Org/Content/StylizedModularChar/Materials/MI_Casual.uasset" 145
"../../../../../../Users/Ruggo/Documents/Unity projects/MVP-Build-Org/Content/StylizedModularChar/Meshes/Female/Hands/SK_Female_Soldier_Hands.uasset" 146
"../../../../../../Users/Ruggo/Documents/Unity projects/MVP-Build-Org/Content/StylizedModularChar/Textures/T_Female_HairSet02_N.uasset" 147
"../../../../../../Users/Ruggo/Documents/Unity projects/MVP-Build-Org/Content/StylizedModularChar/Textures/T_Female_HairSet02_C.uasset" 148
"../../../../../../Users/Ruggo/Documents/Unity projects/MVP-Build-Org/Content/StylizedModularChar/Materials/MI_FemaleHairSet_02.uasset" 149
"../../../../../../Users/Ruggo/Documents/Unity projects/MVP-Build-Org/Content/StylizedModularChar/Meshes/Female/Hair/SM_FemaleHair_02.uasset" 150
"../../../../../../Users/Ruggo/Documents/Unity projects/MVP-Build-Org/Content/StylizedModularChar/Textures/T_Female_Body_N.uasset" 151
"../../../../../../Users/Ruggo/Documents/Unity projects/MVP-Build-Org/Content/StylizedModularChar/Textures/T_Female_Body_M.uasset" 152
"../../../../../../Users/Ruggo/Documents/Unity projects/MVP-Build-Org/Content/StylizedModularChar/Textures/T_Female_Body_C.uasset" 153
"../../../../../../Users/Ruggo/Documents/Unity projects/MVP-Build-Org/Content/StylizedModularChar/Materials/MI_Female_Body.uasset" 154
"../../../../../../Users/Ruggo/Documents/Unity projects/MVP-Build-Org/Content/StylizedModularChar/Meshes/Female/Face/SK_FemaleBody_Face.uasset" 155
"../../../../../../Users/Ruggo/Documents/Unity projects/MVP-Build-Org/Content/StylizedModularChar/Meshes/Female/Chest/SK_Female_Soldier_Chest.uasset" 156
"../../../../../../Users/Ruggo/Documents/Unity projects/MVP-Build-Org/Content/StylizedModularChar/Meshes/Male/SK_Human_Rig_Skeleton.uasset" 157
"../../../../../../Users/Ruggo/Documents/Unity projects/MVP-Build-Org/Content/StylizedModularChar/Meshes/Male/Anim_Hip_Hop_Move.uasset" 158
"../../../../../../Users/Ruggo/Documents/Unity projects/MVP-Build-Org/Content/StylizedModularChar/Animations/StylizedCharacterAnimnBP_2.uasset" 159
"../../../../../../Users/Ruggo/Documents/Unity projects/MVP-Build-Org/Content/StylizedModularChar/Blueprints/Player_8.uasset" 160
"../../../../../../Users/Ruggo/Documents/Unity projects/MVP-Build-Org/Content/StylizedModularChar/Materials/MI_Female_Body_African.uasset" 161
"../../../../../../Users/Ruggo/Documents/Unity projects/MVP-Build-Org/Content/StylizedModularChar/Textures/T_FemaleFaces_N.uasset" 162
"../../../../../../Users/Ruggo/Documents/Unity projects/MVP-Build-Org/Content/StylizedModularChar/Textures/T_FemaleFaces_M.uasset" 163
"../../../../../../Users/Ruggo/Documents/Unity projects/MVP-Build-Org/Content/StylizedModularChar/Textures/T_FemaleFaces_C.uasset" 164
"../../../../../../Users/Ruggo/Documents/Unity projects/MVP-Build-Org/Content/StylizedModularChar/Materials/MI_FemaleFaces_AFrican.uasset" 165
"../../../../../../Users/Ruggo/Documents/Unity projects/MVP-Build-Org/Content/StylizedModularChar/Textures/T_Female_HairSet01_N.uasset" 166
"../../../../../../Users/Ruggo/Documents/Unity projects/MVP-Build-Org/Content/StylizedModularChar/Textures/T_Female_HairSet01_C.uasset" 167
"../../../../../../Users/Ruggo/Documents/Unity projects/MVP-Build-Org/Content/StylizedModularChar/Materials/MI_FemaleHairSet_01.uasset" 168
"../../../../../../Users/Ruggo/Documents/Unity projects/MVP-Build-Org/Content/StylizedModularChar/Meshes/Female/Hair/SM_FemaleHair_01.uasset" 169
"../../../../../../Users/Ruggo/Documents/Unity projects/MVP-Build-Org/Content/StylizedModularChar/Materials/MI_FemaleFaces.uasset" 170
"../../../../../../Users/Ruggo/Documents/Unity projects/MVP-Build-Org/Content/StylizedModularChar/Meshes/Female/Face/SK_FemaleBody_AfricanFace.uasset" 171
"../../../../../../Users/Ruggo/Documents/Unity projects/MVP-Build-Org/Content/StylizedModularChar/Meshes/Female/Hands/SK_Female_Body_Hands.uasset" 172
"../../../../../../Users/Ruggo/Documents/Unity projects/MVP-Build-Org/Content/StylizedModularChar/Animations/Dance/Hip_Hop_Dancing_002.uasset" 173
"../../../../../../Users/Ruggo/Documents/Unity projects/MVP-Build-Org/Content/StylizedModularChar/Animations/StylizedCharacterAnimnBP_4.uasset" 174
"../../../../../../Users/Ruggo/Documents/Unity projects/MVP-Build-Org/Content/StylizedModularChar/Blueprints/Player_7.uasset" 175
"../../../../../../Users/Ruggo/Documents/Unity projects/MVP-Build-Org/Content/StylizedModularChar/Materials/MI_CasualGlovesFingers_2.uasset" 176
"../../../../../../Users/Ruggo/Documents/Unity projects/MVP-Build-Org/Content/StylizedModularChar/Textures/T_Aviator_N.uasset" 177
"../../../../../../Users/Ruggo/Documents/Unity projects/MVP-Build-Org/Content/StylizedModularChar/Textures/T_Aviator_Mask.uasset" 178
"../../../../../../Users/Ruggo/Documents/Unity projects/MVP-Build-Org/Content/StylizedModularChar/Textures/T_Aviator_M.uasset" 179
"../../../../../../Users/Ruggo/Documents/Unity projects/MVP-Build-Org/Content/StylizedModularChar/Textures/T_Aviator_C.uasset" 180
"../../../../../../Users/Ruggo/Documents/Unity projects/MVP-Build-Org/Content/StylizedModularChar/Materials/MI_Aviator.uasset" 181
"../../../../../../Users/Ruggo/Documents/Unity projects/MVP-Build-Org/Content/StylizedModularChar/Meshes/Female/Legs/SK_Female_Aviator_Legs.uasset" 182
"../../../../../../Users/Ruggo/Documents/Unity projects/MVP-Build-Org/Content/StylizedModularChar/Meshes/Female/Chest/SK_Female_Aviator_Chest.uasset" 183
"../../../../../../Users/Ruggo/Documents/Unity projects/MVP-Build-Org/Content/StylizedModularChar/Blueprints/Player_6.uasset" 184
"../../../../../../Users/Ruggo/Documents/Unity projects/MVP-Build-Org/Content/StylizedModularChar/Meshes/Male/Legs/SK_SpaceSuit_Legs.uasset" 185
"../../../../../../Users/Ruggo/Documents/Unity projects/MVP-Build-Org/Content/StylizedModularChar/Meshes/Male/Hands/SK_SpaceSuit_Hands.uasset" 186
"../../../../../../Users/Ruggo/Documents/Unity projects/MVP-Build-Org/Content/StylizedModularChar/Meshes/Male/Face/SK_SpaceSuit_Face.uasset" 187
"../../../../../../Users/Ruggo/Documents/Unity projects/MVP-Build-Org/Content/StylizedModularChar/Meshes/Male/Chest/SK_SpaceSuit_Chest.uasset" 188
"../../../../../../Users/Ruggo/Documents/Unity projects/MVP-Build-Org/Content/StylizedModularChar/Blueprints/Player_5.uasset" 189
"../../../../../../Users/Ruggo/Documents/Unity projects/MVP-Build-Org/Content/StylizedModularChar/Textures/T_Smoking_N.uasset" 190
"../../../../../../Users/Ruggo/Documents/Unity projects/MVP-Build-Org/Content/StylizedModularChar/Textures/T_Smoking_Mask.uasset" 191
"../../../../../../Users/Ruggo/Documents/Unity projects/MVP-Build-Org/Content/StylizedModularChar/Textures/T_Smoking_M.uasset" 192
"../../../../../../Users/Ruggo/Documents/Unity projects/MVP-Build-Org/Content/StylizedModularChar/Textures/T_Smoking_C.uasset" 193
"../../../../../../Users/Ruggo/Documents/Unity projects/MVP-Build-Org/Content/StylizedModularChar/Materials/MI_Smoking.uasset" 194
"../../../../../../Users/Ruggo/Documents/Unity projects/MVP-Build-Org/Content/StylizedModularChar/Meshes/Male/Legs/SK_Smoking_Legs.uasset" 195
"../../../../../../Users/Ruggo/Documents/Unity projects/MVP-Build-Org/Content/StylizedModularChar/Meshes/Male/Hair/SM_Hair_01.uasset" 196
"../../../../../../Users/Ruggo/Documents/Unity projects/MVP-Build-Org/Content/StylizedModularChar/Meshes/Male/Hair/SM_Eyebrow_04.uasset" 197
"../../../../../../Users/Ruggo/Documents/Unity projects/MVP-Build-Org/Content/StylizedModularChar/Meshes/Male/Hair/SM_Beard_01.uasset" 198
"../../../../../../Users/Ruggo/Documents/Unity projects/MVP-Build-Org/Content/StylizedModularChar/Meshes/Male/Chest/SK_Smoking_Chest.uasset" 199
"../../../../../../Users/Ruggo/Documents/Unity projects/MVP-Build-Org/Content/StylizedModularChar/Blueprints/Player_4.uasset" 200
"../../../../../../Users/Ruggo/Documents/Unity projects/MVP-Build-Org/Content/StylizedModularChar/Textures/T_Cop_N.uasset" 201
"../../../../../../Users/Ruggo/Documents/Unity projects/MVP-Build-Org/Content/StylizedModularChar/Textures/T_Cop_Mask.uasset" 202
"../../../../../../Users/Ruggo/Documents/Unity projects/MVP-Build-Org/Content/StylizedModularChar/Textures/T_Cop_M.uasset" 203
"../../../../../../Users/Ruggo/Documents/Unity projects/MVP-Build-Org/Content/StylizedModularChar/Textures/T_Cop_C.uasset" 204
"../../../../../../Users/Ruggo/Documents/Unity projects/MVP-Build-Org/Content/StylizedModularChar/Materials/MI_Cop.uasset" 205
"../../../../../../Users/Ruggo/Documents/Unity projects/MVP-Build-Org/Content/StylizedModularChar/Meshes/Male/Legs/SK_Cop_Legs.uasset" 206
"../../../../../../Users/Ruggo/Documents/Unity projects/MVP-Build-Org/Content/StylizedModularChar/Meshes/Male/Hair/SM_Cop_Hat.uasset" 207
"../../../../../../Users/Ruggo/Documents/Unity projects/MVP-Build-Org/Content/StylizedModularChar/Meshes/Male/Chest/SK_Cop_Chest.uasset" 208
"../../../../../../Users/Ruggo/Documents/Unity projects/MVP-Build-Org/Content/StylizedModularChar/Blueprints/Player_3.uasset" 209
"../../../../../../Users/Ruggo/Documents/Unity projects/MVP-Build-Org/Content/StylizedModularChar/Materials/MI_HairSet_Black.uasset" 210
"../../../../../../Users/Ruggo/Documents/Unity projects/MVP-Build-Org/Content/StylizedModularChar/Materials/MI_Body_Black.uasset" 211
"../../../../../../Users/Ruggo/Documents/Unity projects/MVP-Build-Org/Content/StylizedModularChar/Meshes/Male/Legs/SK_Casual_Legs.uasset" 212
"../../../../../../Users/Ruggo/Documents/Unity projects/MVP-Build-Org/Content/StylizedModularChar/Meshes/Male/Hair/SM_Hair_04.uasset" 213
"../../../../../../Users/Ruggo/Documents/Unity projects/MVP-Build-Org/Content/StylizedModularChar/Textures/T_HairSet02_N.uasset" 214
"../../../../../../Users/Ruggo/Documents/Unity projects/MVP-Build-Org/Content/StylizedModularChar/Textures/T_HairSet02_C.uasset" 215
"../../../../../../Users/Ruggo/Documents/Unity projects/MVP-Build-Org/Content/StylizedModularChar/Materials/MI_HairSet_02.uasset" 216
"../../../../../../Users/Ruggo/Documents/Unity projects/MVP-Build-Org/Content/StylizedModularChar/Meshes/Male/Hair/SM_Eyebrow_02.uasset" 217
"../../../../../../Users/Ruggo/Documents/Unity projects/MVP-Build-Org/Content/StylizedModularChar/Textures/T_AfricanFace_N.uasset" 218
"../../../../../../Users/Ruggo/Documents/Unity projects/MVP-Build-Org/Content/StylizedModularChar/Textures/T_AfricanFace_M.uasset" 219
"../../../../../../Users/Ruggo/Documents/Unity projects/MVP-Build-Org/Content/StylizedModularChar/Textures/T_AfricanFace_C.uasset" 220
"../../../../../../Users/Ruggo/Documents/Unity projects/MVP-Build-Org/Content/StylizedModularChar/Materials/MI_AfricanFace.uasset" 221
"../../../../../../Users/Ruggo/Documents/Unity projects/MVP-Build-Org/Content/StylizedModularChar/Meshes/Male/Face/SK_BodyFace_African.uasset" 222
"../../../../../../Users/Ruggo/Documents/Unity projects/MVP-Build-Org/Content/StylizedModularChar/Meshes/Male/Chest/SK_Casual_Chest.uasset" 223
"../../../../../../Users/Ruggo/Documents/Unity projects/MVP-Build-Org/Content/StylizedModularChar/Blueprints/Player_2.uasset" 224
"../../../../../../Users/Ruggo/Documents/Unity projects/MVP-Build-Org/Content/StylizedModularChar/Textures/T_SoldierHelmet_N.uasset" 225
"../../../../../../Users/Ruggo/Documents/Unity projects/MVP-Build-Org/Content/StylizedModularChar/Textures/T_SoldierHelmet_Mask.uasset" 226
"../../../../../../Users/Ruggo/Documents/Unity projects/MVP-Build-Org/Content/StylizedModularChar/Textures/T_SoldierHelmet_M.uasset" 227
"../../../../../../Users/Ruggo/Documents/Unity projects/MVP-Build-Org/Content/StylizedModularChar/Textures/T_SoldierHelmet_C.uasset" 228
"../../../../../../Users/Ruggo/Documents/Unity projects/MVP-Build-Org/Content/StylizedModularChar/Materials/MI_SoldierHelmet.uasset" 229
"../../../../../../Users/Ruggo/Documents/Unity projects/MVP-Build-Org/Content/StylizedModularChar/Meshes/Female/Face/SK_Female_Balaclava.uasset" 230
"../../../../../../Users/Ruggo/Documents/Unity projects/MVP-Build-Org/Content/StylizedModularChar/Blueprints/Player_10.uasset" 231
"../../../../../../Users/Ruggo/Documents/Unity projects/MVP-Build-Org/Content/StylizedModularChar/Meshes/Male/Legs/SK_Aviator_Legs.uasset" 232
"../../../../../../Users/Ruggo/Documents/Unity projects/MVP-Build-Org/Content/StylizedModularChar/Meshes/Male/Hands/SK_Casual_Hands.uasset" 233
"../../../../../../Users/Ruggo/Documents/Unity projects/MVP-Build-Org/Content/StylizedModularChar/Meshes/Male/Face/SK_Soldier_Face.uasset" 234
"../../../../../../Users/Ruggo/Documents/Unity projects/MVP-Build-Org/Content/StylizedModularChar/Meshes/Male/Chest/SK_Aviator_Chest.uasset" 235
"../../../../../../Users/Ruggo/Documents/Unity projects/MVP-Build-Org/Content/StylizedModularChar/Blueprints/Player_1.uasset" 236
"../../../../../../Users/Ruggo/Documents/Unity projects/MVP-Build-Org/Content/Blueprint/Multiplayer_GM.uasset" 237
"../../../../../../Users/Ruggo/Documents/Unity projects/MVP-Build-Org/Content/Blueprint/Multiplayer_PS.uasset" 238
"../../../../../../Users/Ruggo/Documents/Unity projects/MVP-Build-Org/Content/Blueprint/Customization_GM.uasset" 239
"../../../../../../Users/Ruggo/Documents/Unity projects/MVP-Build-Org/Content/Virtual_Studio_Kit/Textures/T_Grad_Square.uasset" 240
"../../../../../../Users/Ruggo/Documents/Unity projects/MVP-Build-Org/Content/Virtual_Studio_Kit/Textures/T_Linear_Grad.uasset" 241
"../../../../../../Users/Ruggo/Documents/Unity projects/MVP-Build-Org/Content/Virtual_Studio_Kit/Materials/Glow/M_Glow.uasset" 242
"../../../../../../Users/Ruggo/Documents/Unity projects/MVP-Build-Org/Content/Virtual_Studio_Kit/Materials/LEDWalls/Paragon/M_Glow_Yellow3.uasset" 243
"../../../../../../Users/Ruggo/Documents/Unity projects/MVP-Build-Org/Content/Virtual_Studio_Kit/Textures/Glossy_Floor_basecolor.uasset" 244
"../../../../../../Users/Ruggo/Documents/Unity projects/MVP-Build-Org/Content/Virtual_Studio_Kit/Textures/Glossy_Floor_normal.uasset" 245
"../../../../../../Users/Ruggo/Documents/Unity projects/MVP-Build-Org/Content/Virtual_Studio_Kit/Textures/Glossy_Floor_roughness.uasset" 246
"../../../../../../Users/Ruggo/Documents/Unity projects/MVP-Build-Org/Content/Virtual_Studio_Kit/Textures/Wood_Cherry_Floor_height.uasset" 247
"../../../../../../Users/Ruggo/Documents/Unity projects/MVP-Build-Org/Content/Virtual_Studio_Kit/Textures/Concrete_Floor_roughness.uasset" 248
"../../../../../../Users/Ruggo/Documents/Unity projects/MVP-Build-Org/Content/Virtual_Studio_Kit/Textures/Concrete_Floor_normal.uasset" 249
"../../../../../../Users/Ruggo/Documents/Unity projects/MVP-Build-Org/Content/Virtual_Studio_Kit/Textures/Concrete_Floor_basecolor.uasset" 250
"../../../../../../Users/Ruggo/Documents/Unity projects/MVP-Build-Org/Content/Virtual_Studio_Kit/Materials/Concrete/M_Concrete.uasset" 251
"../../../../../../Users/Ruggo/Documents/Unity projects/MVP-Build-Org/Content/Virtual_Studio_Kit/Materials/Glossy/M_Floor_Inst8.uasset" 252
"../../../../../../Users/Ruggo/Documents/Unity projects/MVP-Build-Org/Content/Virtual_Studio_Kit/Meshes/Paragon/Mod_Desk.uasset" 253
"../../../../../../Users/Ruggo/Documents/Unity projects/MVP-Build-Org/Content/Movies/AnimLogo.uasset" 254
"../../../../../../Users/Ruggo/Documents/Unity projects/MVP-Build-Org/Content/Blueprint/Desk.uasset" 255
"../../../../../../Users/Ruggo/Documents/Unity projects/MVP-Build-Org/Content/Blueprint/MultiplayerGameInstance.uasset" 256
"../../../../../../Users/Ruggo/Documents/Unity projects/MVP-Build-Org/Content/Blueprint/Multiplayer_GS.uasset" 257
"../../../../../../Users/Ruggo/Documents/Unity projects/MVP-Build-Org/Content/Blueprint/PlayerNameWidget.uasset" 258
"../../../Engine/Content/MapTemplates/Sky/DaylightAmbientCubemap.uasset" 259
"../../../../../../Users/Ruggo/Documents/Unity projects/MVP-Build-Org/Content/StarterContent/Blueprints/Assets/M_LightStage_Skybox_Master.uasset" 260
"../../../../../../Users/Ruggo/Documents/Unity projects/MVP-Build-Org/Content/StarterContent/Blueprints/Assets/M_LightStage_Skybox_Black.uasset" 261
"../../../Engine/Content/EngineMaterials/T_Default_Material_Grid_N.uasset" 262
"../../../Engine/Content/EngineMaterials/T_Default_Material_Grid_M.uasset" 263
"../../../Engine/Content/Functions/Engine_MaterialFunctions01/Opacity/CameraDepthFade.uasset" 264
"../../../Engine/Content/EngineMaterials/WorldGridMaterial.uasset" 265
"../../../../../../Users/Ruggo/Documents/Unity projects/MVP-Build-Org/Content/Virtual_Studio_Kit/Meshes/Paragon/Mod_16x9_moniotr.uasset" 266
"../../../../../../Users/Ruggo/Documents/Unity projects/MVP-Build-Org/Content/Virtual_Studio_Kit/Materials/Metals/M_Metal_Int_01_Inst2.uasset" 267
"../../../../../../Users/Ruggo/Documents/Unity projects/MVP-Build-Org/Content/Assets/Audio/SoundAttenuations/SA_TorchSmall.uasset" 268
"../../../../../../Users/Ruggo/Documents/Unity projects/MVP-Build-Org/Content/Blueprint/TV_Venom.uasset" 269
"../../../../../../Users/Ruggo/Documents/Unity projects/MVP-Build-Org/Content/Blueprint/VenomTV.uasset" 270
"../../../../../../Users/Ruggo/Documents/Unity projects/MVP-Build-Org/Content/Blueprint/GamePad/Outer_Circle2.uasset" 271
"../../../../../../Users/Ruggo/Documents/Unity projects/MVP-Build-Org/Content/Blueprint/GamePad/Outer_circle.uasset" 272
"../../../../../../Users/Ruggo/Documents/Unity projects/MVP-Build-Org/Content/Blueprint/GamePad/Inner_Circle.uasset" 273
"../../../../../../Users/Ruggo/Documents/Unity projects/MVP-Build-Org/Content/Blueprint/GamePad/GamePad.uasset" 274
"../../../../../../Users/Ruggo/Documents/Unity projects/MVP-Build-Org/Content/Blueprint/Streaming/StreamMediaPlayer.uasset" 275
"../../../../../../Users/Ruggo/Documents/Unity projects/MVP-Build-Org/Content/Blueprint/Streaming/StreamMediaPlayer_Video.uasset" 276
"../../../../../../Users/Ruggo/Documents/Unity projects/MVP-Build-Org/Content/Blueprint/Streaming/StreamMediaPlayer_Video_Mat.uasset" 277
"../../../../../../Users/Ruggo/Documents/Unity projects/MVP-Build-Org/Content/Blueprint/Streaming/StreamMediaSource.uasset" 278
"../../../../../../Users/Ruggo/Documents/Unity projects/MVP-Build-Org/Content/Blueprint/UI/CharacterMenu/Brochure-layout.uasset" 279
"../../../../../../Users/Ruggo/Documents/Unity projects/MVP-Build-Org/Content/Blueprint/UI/CharacterMenu/Player-controlv_2_3.uasset" 280
"../../../../../../Users/Ruggo/Documents/Unity projects/MVP-Build-Org/Content/Blueprint/UI/ControlPage/Close.uasset" 281
"../../../../../../Users/Ruggo/Documents/Unity projects/MVP-Build-Org/Content/Blueprint/UI/ControlPage/Control-Guide_3.uasset" 282
"../../../../../../Users/Ruggo/Documents/Unity projects/MVP-Build-Org/Content/Blueprint/UI/ControlPage/Control_Guide_indicator.uasset" 283
"../../../../../../Users/Ruggo/Documents/Unity projects/MVP-Build-Org/Content/Blueprint/UI/ControlPage/Control_Guide_v4.uasset" 284
"../../../../../../Users/Ruggo/Documents/Unity projects/MVP-Build-Org/Content/Blueprint/UI/ControlPage/information-button.uasset" 285
"../../../../../../Users/Ruggo/Documents/Unity projects/MVP-Build-Org/Content/Blueprint/UI/ControlPage/Movements.uasset" 286
"../../../../../../Users/Ruggo/Documents/Unity projects/MVP-Build-Org/Content/Mannequin/Character/Mesh/UE4_Mannequin_Skeleton.uasset" 287
"../../../../../../Users/Ruggo/Documents/Unity projects/MVP-Build-Org/Content/Mannequin/Animations/ThirdPersonJump_End.uasset" 288
"../../../../../../Users/Ruggo/Documents/Unity projects/MVP-Build-Org/Content/Mannequin/Animations/ThirdPersonWalk.uasset" 289
"../../../../../../Users/Ruggo/Documents/Unity projects/MVP-Build-Org/Content/Mannequin/Animations/ThirdPersonRun.uasset" 290
"../../../../../../Users/Ruggo/Documents/Unity projects/MVP-Build-Org/Content/Mannequin/Animations/ThirdPersonIdle.uasset" 291
"../../../../../../Users/Ruggo/Documents/Unity projects/MVP-Build-Org/Content/Mannequin/Animations/ThirdPerson_IdleRun_2D.uasset" 292
"../../../../../../Users/Ruggo/Documents/Unity projects/MVP-Build-Org/Content/Mannequin/Animations/ThirdPerson_Jump.uasset" 293
"../../../../../../Users/Ruggo/Documents/Unity projects/MVP-Build-Org/Content/Mannequin/Animations/ThirdPersonJump_Start.uasset" 294
"../../../../../../Users/Ruggo/Documents/Unity projects/MVP-Build-Org/Content/Mannequin/Animations/ThirdPersonJump_Loop.uasset" 295
"../../../../../../Users/Ruggo/Documents/Unity projects/MVP-Build-Org/Content/Mannequin/Animations/ThirdPerson_AnimBP.uasset" 296
"../../../Engine/Content/Functions/Engine_MaterialFunctions02/PivotPainter2/Black_1x1_EXR_Texture.uasset" 297
"../../../../../../Users/Ruggo/Documents/Unity projects/MVP-Build-Org/Content/Materials/MF_UVLensDisplacement.uasset" 298
"../../../Engine/Content/Functions/Engine_MaterialFunctions02/Utility/BreakOutFloat2Components.uasset" 299
"../../../../../../Users/Ruggo/Documents/Unity projects/MVP-Build-Org/Content/Materials/MF_UVOutOfBoundMask.uasset" 300
"../../../../../../Users/Ruggo/Documents/Unity projects/MVP-Build-Org/Content/StarterContent/Materials/M_Basic_Floor.uasset" 301
"../../../../../../Users/Ruggo/Documents/Unity projects/MVP-Build-Org/Content/StarterContent/Architecture/Floor_400x400.uasset" 302
"../../../../../../Users/Ruggo/Documents/Unity projects/MVP-Build-Org/Content/StarterContent/Materials/M_Basic_Wall.uasset" 303
"../../../../../../Users/Ruggo/Documents/Unity projects/MVP-Build-Org/Content/StarterContent/Architecture/Pillar_50x500.uasset" 304
"../../../../../../Users/Ruggo/Documents/Unity projects/MVP-Build-Org/Content/StarterContent/Materials/M_AssetPlatform.uasset" 305
"../../../../../../Users/Ruggo/Documents/Unity projects/MVP-Build-Org/Content/StarterContent/Architecture/SM_AssetPlatform.uasset" 306
"../../../../../../Users/Ruggo/Documents/Unity projects/MVP-Build-Org/Content/StarterContent/Architecture/Wall_400x200.uasset" 307
"../../../../../../Users/Ruggo/Documents/Unity projects/MVP-Build-Org/Content/StarterContent/Architecture/Wall_400x300.uasset" 308
"../../../../../../Users/Ruggo/Documents/Unity projects/MVP-Build-Org/Content/StarterContent/Architecture/Wall_400x400.uasset" 309
"../../../../../../Users/Ruggo/Documents/Unity projects/MVP-Build-Org/Content/StarterContent/Architecture/Wall_500x500.uasset" 310
"../../../../../../Users/Ruggo/Documents/Unity projects/MVP-Build-Org/Content/StarterContent/Architecture/Wall_Door_400x300.uasset" 311
"../../../../../../Users/Ruggo/Documents/Unity projects/MVP-Build-Org/Content/StarterContent/Architecture/Wall_Door_400x400.uasset" 312
"../../../../../../Users/Ruggo/Documents/Unity projects/MVP-Build-Org/Content/StarterContent/Architecture/Wall_Window_400x300.uasset" 313
"../../../../../../Users/Ruggo/Documents/Unity projects/MVP-Build-Org/Content/StarterContent/Architecture/Wall_Window_400x400.uasset" 314
"../../../../../../Users/Ruggo/Documents/Unity projects/MVP-Build-Org/Content/StarterContent/HDRI/HDRI_Epic_Courtyard_Daylight.uasset" 315
"../../../../../../Users/Ruggo/Documents/Unity projects/MVP-Build-Org/Content/StarterContent/Blueprints/Assets/SM_Arrows.uasset" 316
"../../../Engine/Content/EditorMaterials/Thumbnails/SkySphereMaterial.uasset" 317
"../../../../../../Users/Ruggo/Documents/Unity projects/MVP-Build-Org/Content/StarterContent/Blueprints/Assets/Skybox.uasset" 318
"../../../../../../Users/Ruggo/Documents/Unity projects/MVP-Build-Org/Content/StarterContent/Blueprints/Assets/M_LightStage_Skybox_HDRI.uasset" 319
"../../../../../../Users/Ruggo/Documents/Unity projects/MVP-Build-Org/Content/StarterContent/Blueprints/Assets/M_LightStage_Arrows.uasset" 320
"../../../../../../Users/Ruggo/Documents/Unity projects/MVP-Build-Org/Content/StarterContent/Blueprints/Assets/SunlightColorLUT.uasset" 321
"../../../../../../Users/Ruggo/Documents/Unity projects/MVP-Build-Org/Content/StarterContent/Blueprints/Assets/FogBrightnessLUT.uasset" 322
"../../../../../../Users/Ruggo/Documents/Unity projects/MVP-Build-Org/Content/StarterContent/Blueprints/BP_LightStudio.uasset" 323
"../../../../../../Users/Ruggo/Documents/Unity projects/MVP-Build-Org/Content/StarterContent/Maps/Advanced_Lighting_BuiltData.uasset" 324
"../../../../../../Users/Ruggo/Documents/Unity projects/MVP-Build-Org/Content/StarterContent/Maps/Minimal_Default_BuiltData.uasset" 325
"../../../../../../Users/Ruggo/Documents/Unity projects/MVP-Build-Org/Content/StarterContent/Maps/StarterMap_BuiltData.uasset" 326
"../../../../../../Users/Ruggo/Documents/Unity projects/MVP-Build-Org/Content/StarterContent/Textures/T_Spark_Core.uasset" 327
"../../../../../../Users/Ruggo/Documents/Unity projects/MVP-Build-Org/Content/StarterContent/Particles/Materials/M_Spark.uasset" 328
"../../../../../../Users/Ruggo/Documents/Unity projects/MVP-Build-Org/Content/StarterContent/Textures/T_Smoke_Tiled_D.uasset" 329
"../../../../../../Users/Ruggo/Documents/Unity projects/MVP-Build-Org/Content/StarterContent/Textures/T_Smoke_SubUV.uasset" 330
"../../../../../../Users/Ruggo/Documents/Unity projects/MVP-Build-Org/Content/StarterContent/Particles/Materials/M_smoke_subUV.uasset" 331
"../../../Engine/Content/Functions/Engine_MaterialFunctions01/Gradient/RadialGradient.uasset" 332
"../../../../../../Users/Ruggo/Documents/Unity projects/MVP-Build-Org/Content/StarterContent/Particles/Materials/M_Radial_Gradient.uasset" 333
"../../../../../../Users/Ruggo/Documents/Unity projects/MVP-Build-Org/Content/StarterContent/Particles/P_Sparks.uasset" 334
"../../../../../../Users/Ruggo/Documents/Unity projects/MVP-Build-Org/Content/StylizedModularChar/Meshes/Male/Legs/SK_Soldier_Legs.uasset" 335
"../../../../../../Users/Ruggo/Documents/Unity projects/MVP-Build-Org/Content/StylizedModularChar/Meshes/Male/Hair/SM_Hair_05.uasset" 336
"../../../../../../Users/Ruggo/Documents/Unity projects/MVP-Build-Org/Content/StylizedModularChar/Textures/T_HairSet03_N.uasset" 337
"../../../../../../Users/Ruggo/Documents/Unity projects/MVP-Build-Org/Content/StylizedModularChar/Textures/T_HairSet03_C.uasset" 338
"../../../../../../Users/Ruggo/Documents/Unity projects/MVP-Build-Org/Content/StylizedModularChar/Materials/MI_HairSet_03.uasset" 339
"../../../../../../Users/Ruggo/Documents/Unity projects/MVP-Build-Org/Content/StylizedModularChar/Meshes/Male/Hair/SM_Hair_03.uasset" 340
"../../../../../../Users/Ruggo/Documents/Unity projects/MVP-Build-Org/Content/StylizedModularChar/Meshes/Male/Hair/SM_Hair_02.uasset" 341
"../../../../../../Users/Ruggo/Documents/Unity projects/MVP-Build-Org/Content/StylizedModularChar/Meshes/Male/Hair/SM_Eyebrow_03.uasset" 342
"../../../../../../Users/Ruggo/Documents/Unity projects/MVP-Build-Org/Content/StylizedModularChar/Meshes/Male/Hair/SM_Beard_04.uasset" 343
"../../../../../../Users/Ruggo/Documents/Unity projects/MVP-Build-Org/Content/StylizedModularChar/Meshes/Male/Hair/SM_Beard_03.uasset" 344
"../../../../../../Users/Ruggo/Documents/Unity projects/MVP-Build-Org/Content/StylizedModularChar/Meshes/Male/Hair/SM_Beard_02.uasset" 345
"../../../../../../Users/Ruggo/Documents/Unity projects/MVP-Build-Org/Content/StylizedModularChar/Meshes/Male/Hair/SM_Aviator_Hat.uasset" 346
"../../../../../../Users/Ruggo/Documents/Unity projects/MVP-Build-Org/Content/StylizedModularChar/Textures/T_AsianFace_N.uasset" 347
"../../../../../../Users/Ruggo/Documents/Unity projects/MVP-Build-Org/Content/StylizedModularChar/Textures/T_AsianFace_M.uasset" 348
"../../../../../../Users/Ruggo/Documents/Unity projects/MVP-Build-Org/Content/StylizedModularChar/Textures/T_AsianFace_C.uasset" 349
"../../../../../../Users/Ruggo/Documents/Unity projects/MVP-Build-Org/Content/StylizedModularChar/Materials/MI_AsianFace.uasset" 350
"../../../../../../Users/Ruggo/Documents/Unity projects/MVP-Build-Org/Content/StylizedModularChar/Meshes/Male/Face/SK_BodyFace_Asian.uasset" 351
"../../../../../../Users/Ruggo/Documents/Unity projects/MVP-Build-Org/Content/StylizedModularChar/Meshes/Male/Chest/SK_Soldier_Chest.uasset" 352
"../../../../../../Users/Ruggo/Documents/Unity projects/MVP-Build-Org/Content/StylizedModularChar/Meshes/Female/Legs/SK_Female_Cop_Legs.uasset" 353
"../../../../../../Users/Ruggo/Documents/Unity projects/MVP-Build-Org/Content/StylizedModularChar/Meshes/Female/Legs/SK_Female_Body_Legs.uasset" 354
"../../../../../../Users/Ruggo/Documents/Unity projects/MVP-Build-Org/Content/StylizedModularChar/Textures/T_Female_HairSet03_N.uasset" 355
"../../../../../../Users/Ruggo/Documents/Unity projects/MVP-Build-Org/Content/StylizedModularChar/Textures/T_Female_HairSet03_C.uasset" 356
"../../../../../../Users/Ruggo/Documents/Unity projects/MVP-Build-Org/Content/StylizedModularChar/Materials/MI_FemaleHairSet_03.uasset" 357
"../../../../../../Users/Ruggo/Documents/Unity projects/MVP-Build-Org/Content/StylizedModularChar/Meshes/Female/Hair/SM_FemaleHair_03.uasset" 358
"../../../../../../Users/Ruggo/Documents/Unity projects/MVP-Build-Org/Content/StylizedModularChar/Meshes/Female/Hair/SM_FemaleEyebrow_03.uasset" 359
"../../../../../../Users/Ruggo/Documents/Unity projects/MVP-Build-Org/Content/StylizedModularChar/Meshes/Female/Hair/SM_FemaleEyebrow_02.uasset" 360
"../../../../../../Users/Ruggo/Documents/Unity projects/MVP-Build-Org/Content/StylizedModularChar/Meshes/Female/Hair/SM_FemaleEyebrow_01.uasset" 361
"../../../../../../Users/Ruggo/Documents/Unity projects/MVP-Build-Org/Content/StylizedModularChar/Meshes/Female/Hair/SM_Female_Soldier_Helmet.uasset" 362
"../../../../../../Users/Ruggo/Documents/Unity projects/MVP-Build-Org/Content/StylizedModularChar/Meshes/Female/Hair/SM_Female_Cop_Hat.uasset" 363
"../../../../../../Users/Ruggo/Documents/Unity projects/MVP-Build-Org/Content/StylizedModularChar/Meshes/Female/Hair/SM_Female_Aviator_Hat.uasset" 364
"../../../../../../Users/Ruggo/Documents/Unity projects/MVP-Build-Org/Content/StylizedModularChar/Meshes/Female/Face/SK_FemaleBody_AsianFace.uasset" 365
"../../../../../../Users/Ruggo/Documents/Unity projects/MVP-Build-Org/Content/StylizedModularChar/Meshes/Female/Chest/SK_Female_Cop_Chest.uasset" 366
"../../../../../../Users/Ruggo/Documents/Unity projects/MVP-Build-Org/Content/StylizedModularChar/Meshes/Female/Chest/SK_Female_Body_Chest.uasset" 367
"../../../Engine/Content/Tutorial/SubEditors/TutorialAssets/Character/TutorialTPP_Skeleton.uasset" 368
"../../../Engine/Content/Tutorial/SubEditors/TutorialAssets/Character/Tutorial_Walk_Fwd.uasset" 369
"../../../Engine/Content/Tutorial/SubEditors/TutorialAssets/Character/Tutorial_Idle.uasset" 370
"../../../Engine/Content/Tutorial/SubEditors/TutorialAssets/Character/NewBlendSpace1D.uasset" 371
"../../../Engine/Content/Tutorial/SubEditors/TutorialAssets/Character/TutorialTPP_PhysicsAsset.uasset" 372
"../../../Engine/Content/Tutorial/SubEditors/TutorialAssets/Character/TutorialTPP_Mat.uasset" 373
"../../../Engine/Content/Tutorial/SubEditors/TutorialAssets/Character/TutorialTPP.uasset" 374
"../../../Engine/Content/Tutorial/SubEditors/TutorialAssets/Character/TutorialCharacter.uasset" 375
"../../../Engine/Content/Tutorial/SubEditors/TutorialAssets/Character/TutorialTPP_AnimBlueprint.uasset" 376
"../../../../../../Users/Ruggo/Documents/Unity projects/MVP-Build-Org/Content/StylizedModularChar/Blueprints/BP_StylizedModularCharacter.uasset" 377
"../../../../../../Users/Ruggo/Documents/Unity projects/MVP-Build-Org/Content/StylizedModularChar/Face_HUD.uasset" 378
"../../../../../../Users/Ruggo/Documents/Unity projects/MVP-Build-Org/Content/StylizedModularChar/Main_HUD.uasset" 379
"../../../../../../Users/Ruggo/Documents/Unity projects/MVP-Build-Org/Content/StylizedModularChar/Animations/Breakdance_Freezes_Unreal_Take.uasset" 380
"../../../../../../Users/Ruggo/Documents/Unity projects/MVP-Build-Org/Content/StylizedModularChar/Animations/Chicken_Dance__1__Unreal_Take.uasset" 381
"../../../../../../Users/Ruggo/Documents/Unity projects/MVP-Build-Org/Content/StylizedModularChar/Animations/Hip_Hop_Dancing__1__Unreal_Take.uasset" 382
"../../../../../../Users/Ruggo/Documents/Unity projects/MVP-Build-Org/Content/StylizedModularChar/Animations/Macarena_Dance__1__Unreal_Take.uasset" 383
"../../../../../../Users/Ruggo/Documents/Unity projects/MVP-Build-Org/Content/StylizedModularChar/Animations/Rumba_Dancing_Unreal_Take.uasset" 384
"../../../../../../Users/Ruggo/Documents/Unity projects/MVP-Build-Org/Content/StylizedModularChar/Animations/Shuffling_Unreal_Take.uasset" 385
"../../../../../../Users/Ruggo/Documents/Unity projects/MVP-Build-Org/Content/StylizedModularChar/Animations/SynchAnimBP.uasset" 386
"../../../../../../Users/Ruggo/Documents/Unity projects/MVP-Build-Org/Content/StylizedModularChar/Animations/ThirdPerson_Jump.uasset" 387
"../../../../../../Users/Ruggo/Documents/Unity projects/MVP-Build-Org/Content/StylizedModularChar/Animations/Dance/ChickenDance.uasset" 388
"../../../../../../Users/Ruggo/Documents/Unity projects/MVP-Build-Org/Content/StylizedModularChar/Animations/Dance/Hip_Hop_Dancing_003.uasset" 389
"../../../../../../Users/Ruggo/Documents/Unity projects/MVP-Build-Org/Content/StylizedModularChar/Materials/MI_HairSet_3.uasset" 390
"../../../../../../Users/Ruggo/Documents/Unity projects/MVP-Build-Org/Content/StylizedModularChar/Meshes/SMC_PhysicsAsset.uasset" 391
"../../../../../../Users/Ruggo/Documents/Unity projects/MVP-Build-Org/Content/StylizedModularChar/Materials/Masters/M_BG.uasset" 392
"../../../../../../Users/Ruggo/Documents/Unity projects/MVP-Build-Org/Content/StylizedModularChar/Materials/MI_BG.uasset" 393
"../../../../../../Users/Ruggo/Documents/Unity projects/MVP-Build-Org/Content/StylizedModularChar/Meshes/SM_Limbo.uasset" 394
"../../../../../../Users/Ruggo/Documents/Unity projects/MVP-Build-Org/Content/StylizedModularChar/Meshes/Male/SK_Human_Rig_PhysicsAsset.uasset" 395
"../../../../../../Users/Ruggo/Documents/Unity projects/MVP-Build-Org/Content/StylizedModularChar/Meshes/Male/SK_Human_Rig.uasset" 396
"../../../../../../Users/Ruggo/Documents/Unity projects/MVP-Build-Org/Content/StylizedModularChar/Meshes/Male/SK_Human_Rig_Anim.uasset" 397
"../../../../../../Users/Ruggo/Documents/Unity projects/MVP-Build-Org/Content/StylizedModularChar/Meshes/Male/SM_Casual_Accessories.uasset" 398
"../../../../../../Users/Ruggo/Documents/Unity projects/MVP-Build-Org/Content/StylizedModularChar/Textures/T_Aviator_RGB.uasset" 399
"../../Plugins/Media/MediaCompositing/Content/DefaultMediaPlaneTexture.uasset" 400
"../../../../../../Users/Ruggo/Documents/Unity projects/MVP-Build-Org/Content/VirtualSet/Materials/UMG/M_MediaTextureUMG.uasset" 401
"../../../../../../Users/Ruggo/Documents/Unity projects/MVP-Build-Org/Content/Assets/Branding/1st_frame_transperant_00000.uasset" 402
"../../../../../../Users/Ruggo/Documents/Unity projects/MVP-Build-Org/Content/Virtual_Studio_Kit/Materials/Decals/Logo_Decal.uasset" 403
"../../../../../../Users/Ruggo/Documents/Unity projects/MVP-Build-Org/Content/Virtual_Studio_Kit/Textures/Paragon/Branding/T_PS502.uasset" 404
"../../../Engine/Content/Functions/Engine_MaterialFunctions01/Texturing/FlattenNormal.uasset" 405
"../../../../../../Users/Ruggo/Documents/Unity projects/MVP-Build-Org/Content/Virtual_Studio_Kit/Textures/T_Microbezel_NRM.uasset" 406
"../../../../../../Users/Ruggo/Documents/Unity projects/MVP-Build-Org/Content/Virtual_Studio_Kit/Textures/Paragon/Heros_1024/Steel.uasset" 407
"../../../../../../Users/Ruggo/Documents/Unity projects/MVP-Build-Org/Content/Virtual_Studio_Kit/Materials/LEDWalls/Paragon/M_Duratran.uasset" 408
"../../../../../../Users/Ruggo/Documents/Unity projects/MVP-Build-Org/Content/Virtual_Studio_Kit/Materials/LEDWalls/Paragon/M_Auraura.uasset" 409
"../../../../../../Users/Ruggo/Documents/Unity projects/MVP-Build-Org/Content/Virtual_Studio_Kit/Textures/Paragon/Branding/T_PS501.uasset" 410
"../../../../../../Users/Ruggo/Documents/Unity projects/MVP-Build-Org/Content/Virtual_Studio_Kit/Materials/LEDWalls/Paragon/M_Crunch.uasset" 411
"../../../../../../Users/Ruggo/Documents/Unity projects/MVP-Build-Org/Content/Virtual_Studio_Kit/Textures/Paragon/Branding/FE_12-24mm.uasset" 412
"../../../../../../Users/Ruggo/Documents/Unity projects/MVP-Build-Org/Content/Virtual_Studio_Kit/Materials/LEDWalls/Paragon/M_Crunch1.uasset" 413
"../../../../../../Users/Ruggo/Documents/Unity projects/MVP-Build-Org/Content/Virtual_Studio_Kit/Textures/Paragon/Environments/agora-enviro.uasset" 414
"../../../../../../Users/Ruggo/Documents/Unity projects/MVP-Build-Org/Content/Virtual_Studio_Kit/Materials/LEDWalls/Paragon/M_Enviro1.uasset" 415
"../../../../../../Users/Ruggo/Documents/Unity projects/MVP-Build-Org/Content/Virtual_Studio_Kit/Textures/Paragon/Environments/Agora-Enviro2.uasset" 416
"../../../../../../Users/Ruggo/Documents/Unity projects/MVP-Build-Org/Content/Virtual_Studio_Kit/Materials/LEDWalls/Paragon/M_Enviro2.uasset" 417
"../../../../../../Users/Ruggo/Documents/Unity projects/MVP-Build-Org/Content/Virtual_Studio_Kit/Materials/LEDWalls/Paragon/NewMaterial.uasset" 418
"../../../../../../Users/Ruggo/Documents/Unity projects/MVP-Build-Org/Content/Virtual_Studio_Kit/Meshes/Paragon/Mod_Wall_Stripes.uasset" 419
"../../../../../../Users/Ruggo/Documents/Unity projects/MVP-Build-Org/Content/Virtual_Studio_Kit/Textures/Paragon/Branding/Alpha_7S_III.uasset" 420
"../../../../../../Users/Ruggo/Documents/Unity projects/MVP-Build-Org/Content/Virtual_Studio_Kit/Textures/Paragon/Branding/Sony_a6500.uasset" 421
"../../../../../../Users/Ruggo/Documents/Unity projects/MVP-Build-Org/Content/Virtual_Studio_Kit/Textures/Paragon/Branding/Sony_SRS-XB43.uasset" 422
"../../../../../../Users/Ruggo/Documents/Unity projects/MVP-Build-Org/Content/Virtual_Studio_Kit/Textures/Paragon/Branding/Sony_WF_XB700.uasset" 423
"../../../../../../Users/Ruggo/Documents/Unity projects/MVP-Build-Org/Content/Virtual_Studio_Kit/Textures/Paragon/Branding/Sony_WH_CH510.uasset" 424
"../../../../../../Users/Ruggo/Documents/Unity projects/MVP-Build-Org/Content/Virtual_Studio_Kit/Textures/Paragon/Branding/Sony_WH_CH710N.uasset" 425
"../../../../../../Users/Ruggo/Documents/Unity projects/MVP-Build-Org/Content/Virtual_Studio_Kit/Textures/Paragon/Branding/The_Boys.uasset" 426
"../../../../../../Users/Ruggo/Documents/Unity projects/MVP-Build-Org/Content/Virtual_Studio_Kit/Textures/Paragon/Branding/T_PS503.uasset" 427
"../../../../../../Users/Ruggo/Documents/Unity projects/MVP-Build-Org/Content/Virtual_Studio_Kit/Textures/Paragon/Branding/T_PS504.uasset" 428
"../../../../../../Users/Ruggo/Documents/Unity projects/MVP-Build-Org/Content/Virtual_Studio_Kit/Textures/Paragon/Branding/T_PS506.uasset" 429
"../../../../../../Users/Ruggo/Documents/Unity projects/MVP-Build-Org/Content/Virtual_Studio_Kit/Textures/Paragon/Branding/T_PS509_a7S.uasset" 430
"../../../../../../Users/Ruggo/Documents/Unity projects/MVP-Build-Org/Content/Virtual_Studio_Kit/Textures/Paragon/Branding/T_PS510.uasset" 431
"../../../../../../Users/Ruggo/Documents/Unity projects/MVP-Build-Org/Content/Virtual_Studio_Kit/Textures/Paragon/Branding/T_PS512.uasset" 432
"../../../../../../Users/Ruggo/Documents/Unity projects/MVP-Build-Org/Content/Virtual_Studio_Kit/Textures/Paragon/Branding/T_PS513.uasset" 433
"../../../../../../Users/Ruggo/Documents/Unity projects/MVP-Build-Org/Content/Virtual_Studio_Kit/Textures/Paragon/Branding/T_PS514.uasset" 434
"../../../../../../Users/Ruggo/Documents/Unity projects/MVP-Build-Org/Content/Virtual_Studio_Kit/Textures/Paragon/Branding/T_PS515.uasset" 435
"../../../../../../Users/Ruggo/Documents/Unity projects/MVP-Build-Org/Content/Virtual_Studio_Kit/Textures/Paragon/Branding/T_PS_logo.uasset" 436
"../../../../../../Users/Ruggo/Documents/Unity projects/MVP-Build-Org/Content/Virtual_Studio_Kit/Textures/Paragon/Branding/T_Sony.uasset" 437
"../../../../../../Users/Ruggo/Documents/Unity projects/MVP-Build-Org/Content/Virtual_Studio_Kit/Textures/Paragon/Branding/Unreal_Engine_Logo.uasset" 438
"../../../../../../Users/Ruggo/Documents/Unity projects/MVP-Build-Org/Content/Virtual_Studio_Kit/Textures/Paragon/Branding/WH-H910N_003.uasset" 439
"../../../Engine/Content/Animation/DefaultAnimBoneCompressionSettings.uasset" 440
"../../../Engine/Content/Animation/DefaultAnimCurveCompressionSettings.uasset" 441
"../../../Engine/Content/ArtTools/RenderToTexture/Meshes/S_1_Unit_Plane.uasset" 442
"../../../Engine/Content/EngineMaterials/DefaultMaterial.uasset" 443
"../../../Engine/Content/BasicShapes/Cone.uasset" 444
"../../../Engine/Content/BasicShapes/Plane.uasset" 445
"../../../Engine/Content/EditorLandscapeResources/DataLayer.uasset" 446
"../../../Engine/Content/EditorLandscapeResources/DefaultAlphaTexture.uasset" 447
"../../../Engine/Content/EditorMaterials/MAT_Groups_Toggle.uasset" 448
"../../../Engine/Content/EditorMaterials/MAT_Groups_Visibility.uasset" 449
"../../../Engine/Content/EditorMaterials/PreviewShadowIndicator.uasset" 450
"../../../Engine/Content/EditorMaterials/PreviewShadowIndicatorMaterial.uasset" 451
"../../../Engine/Content/EditorMaterials/MatineeGroups/MAT_ColorTrack.uasset" 452
"../../../Engine/Content/EditorMaterials/MatineeGroups/MAT_Groups_Anim.uasset" 453
"../../../Engine/Content/EditorMaterials/MatineeGroups/MAT_Groups_AudioMaster.uasset" 454
"../../../Engine/Content/EditorMaterials/MatineeGroups/MAT_Groups_Director.uasset" 455
"../../../Engine/Content/EditorMaterials/MatineeGroups/MAT_Groups_Event.uasset" 456
"../../../Engine/Content/EditorMaterials/MatineeGroups/MAT_Groups_Fade.uasset" 457
"../../../Engine/Content/EditorMaterials/MatineeGroups/MAT_Groups_Float.uasset" 458
"../../../Engine/Content/EditorMaterials/MatineeGroups/MAT_Groups_Move.uasset" 459
"../../../Engine/Content/EditorMaterials/MatineeGroups/MAT_Groups_Slomo.uasset" 460
"../../../Engine/Content/EditorMaterials/MatineeGroups/MAT_Groups_Sound.uasset" 461
"../../../Engine/Content/EditorMaterials/MatineeGroups/MAT_Groups_Vector.uasset" 462
"../../../Engine/Content/EditorMaterials/ParticleSystems/PSysThumbnail_NoImage.uasset" 463
"../../../Engine/Content/EditorMaterials/ParticleSystems/PSysThumbnail_OOD.uasset" 464
"../../../Engine/Content/EditorMaterials/Camera/CineMat.uasset" 465
"../../../Engine/Content/EditorMaterials/Camera/MI_CineMat_Rig.uasset" 466
"../../../Engine/Content/EditorMeshes/Camera/SM_CraneRig_Arm.uasset" 467
"../../../Engine/Content/EditorMeshes/Camera/SM_CraneRig_Base.uasset" 468
"../../../Engine/Content/EditorMeshes/Camera/SM_CraneRig_Body.uasset" 469
"../../../Engine/Content/EditorMeshes/Camera/SM_CraneRig_Mount.uasset" 470
"../../../Engine/Content/EditorMeshes/Camera/SM_RailRig_Mount.uasset" 471
"../../../Engine/Content/EditorMeshes/Camera/SM_RailRig_Track.uasset" 472
"../../../Engine/Content/EditorResources/BSPVertex.uasset" 473
"../../../Engine/Content/EditorResources/EmptyActor.uasset" 474
"../../../Engine/Content/EditorResources/S_Actor.uasset" 475
"../../../Engine/Content/EditorResources/S_Note.uasset" 476
"../../../Engine/Content/EditorResources/S_Solver.uasset" 477
"../../../Engine/Content/EditorResources/S_Terrain.uasset" 478
"../../../Engine/Content/EditorResources/S_Trigger.uasset" 479
"../../../Engine/Content/EditorResources/AudioIcons/S_AudioComponent.uasset" 480
"../../../Engine/Content/EditorResources/AudioIcons/S_AudioComponent_AutoActivate.uasset" 481
"../../../Engine/Content/EditorResources/LightIcons/S_LightError.uasset" 482
"../../../Engine/Content/EditorResources/SequenceRecorder/Countdown.uasset" 483
"../../../Engine/Content/EditorResources/SequenceRecorder/RecordingIndicator.uasset" 484
"../../../Engine/Content/EngineDamageTypes/DmgTypeBP_Environmental.uasset" 485
"../../../Engine/Content/EngineDebugMaterials/DebugEditorMaterial.uasset" 486
"../../../Engine/Content/EngineDebugMaterials/DebugMeshMaterial.uasset" 487
"../../../Engine/Content/EngineDebugMaterials/M_SimpleUnlitTranslucent.uasset" 488
"../../../Engine/Content/EngineDebugMaterials/VolumeToRender.uasset" 489
"../../../Engine/Content/Functions/Engine_MaterialFunctions02/Utility/CameraDirectionVector.uasset" 490
"../../../Engine/Content/EngineDebugMaterials/M_VolumeRenderSphereTracePP.uasset" 491
"../../../Engine/Content/Functions/Engine_MaterialFunctions01/Shading/ConvertFromDiffSpec.uasset" 492
"../../../Engine/Content/EngineDebugMaterials/VertexColorMaterial.uasset" 493
"../../../Engine/Content/EngineDebugMaterials/WireframeMaterial.uasset" 494
"../../../Engine/Content/EngineFonts/Faces/RobotoRegular.uasset" 495
"../../../Engine/Content/EngineFonts/Faces/RobotoLight.uasset" 496
"../../../Engine/Content/EngineFonts/Faces/RobotoItalic.uasset" 497
"../../../Engine/Content/EngineFonts/Faces/RobotoBoldItalic.uasset" 498
"../../../Engine/Content/EngineFonts/Faces/RobotoBold.uasset" 499
"../../../Engine/Content/EngineFonts/Faces/DroidSansFallback.uasset" 500
"../../../Engine/Content/EngineFonts/Roboto.uasset" 501
"../../../Engine/Content/EngineMaterials/BaseFlattenNormalMap.uasset" 502
"../../../Engine/Content/EngineMaterials/BaseFlattenGrayscaleMap.uasset" 503
"../../../Engine/Content/EngineMaterials/BaseFlattenEmissiveMap.uasset" 504
"../../../Engine/Content/EngineMaterials/BaseFlattenDiffuseMap.uasset" 505
"../../../Engine/Content/EngineMaterials/BaseFlattenMaterial.uasset" 506
"../../../Engine/Content/EngineMaterials/BlueNoise.uasset" 507
"../../../Engine/Content/EngineMaterials/DefaultBloomKernel.uasset" 508
"../../../Engine/Content/EngineMaterials/DefaultBokeh.uasset" 509
"../../../Engine/Content/EngineMaterials/DefaultDiffuse.uasset" 510
"../../../Engine/Content/EngineMaterials/DefaultDeferredDecalMaterial.uasset" 511
"../../../Engine/Content/EngineMaterials/DefaultLightFunctionMaterial.uasset" 512
"../../../Engine/Content/EngineMaterials/DefaultPhysicalMaterial.uasset" 513
"../../../Engine/Content/EngineMaterials/DefaultPostProcessMaterial.uasset" 514
"../../../Engine/Content/EngineFonts/RobotoDistanceField.uasset" 515
"../../../Engine/Content/EngineMaterials/DefaultTextMaterialOpaque.uasset" 516
"../../../Engine/Content/EngineMaterials/DefaultWhiteGrid.uasset" 517
"../../../Engine/Content/EngineMaterials/DefaultWhiteGrid_Low.uasset" 518
"../../../Engine/Content/EngineMaterials/EmissiveMeshMaterial.uasset" 519
"../../../Engine/Content/EngineMaterials/GizmoMaterial.uasset" 520
"../../../Engine/Content/EngineMaterials/Good64x64TilingNoiseHighFreq.uasset" 521
"../../../Engine/Content/EngineMaterials/MiniFont.uasset" 522
"../../../Engine/Content/EngineMaterials/InvalidLightmapSettings.uasset" 523
"../../../Engine/Content/EngineMaterials/M_InvalidLightmapSettings.uasset" 524
"../../../Engine/Content/Functions/Engine_MaterialFunctions02/WorldPositionOffset/CameraOffset.uasset" 525
"../../../Engine/Content/EngineMaterials/PhAT_JointLimitMaterial.uasset" 526
"../../../Engine/Content/EngineMaterials/PreintegratedSkinBRDF.uasset" 527
"../../../Engine/Content/EngineMaterials/RemoveSurfaceMaterial.uasset" 528
"../../../Engine/Content/EngineMaterials/WeightMapPlaceholderTexture.uasset" 529
"../../../Engine/Content/EngineResources/WhiteSquareTexture.uasset" 530
"../../../Engine/Content/EngineMaterials/Widget3DPassThrough.uasset" 531
"../../../Engine/Content/EngineMaterials/Widget3DPassThrough_Masked.uasset" 532
"../../../Engine/Content/EngineMaterials/Widget3DPassThrough_Opaque.uasset" 533
"../../../Engine/Content/EngineMaterials/Widget3DPassThrough_Masked_OneSided.uasset" 534
"../../../Engine/Content/EngineMaterials/Widget3DPassThrough_Opaque_OneSided.uasset" 535
"../../../Engine/Content/EngineMaterials/Widget3DPassThrough_Translucent.uasset" 536
"../../../Engine/Content/EngineMaterials/Widget3DPassThrough_Translucent_OneSided.uasset" 537
"../../../Engine/Content/EngineMeshes/Cylinder.uasset" 538
"../../../Engine/Content/EngineMeshes/Sphere.uasset" 539
"../../../Engine/Content/EngineResources/Black.uasset" 540
"../../../Engine/Content/EngineResources/DefaultTextureCube.uasset" 541
"../../../Engine/Content/EngineResources/DefaultVolumeTexture2D.uasset" 542
"../../../Engine/Content/EngineResources/DefaultVolumeTexture.uasset" 543
"../../../Engine/Content/EngineResources/GradientTexture0.uasset" 544
"../../../Engine/Content/EngineSky/VolumetricClouds/T_NoiseShape64.uasset" 545
"../../../Engine/Content/EngineSky/VolumetricClouds/T_VolumeNoiseShape64.uasset" 546
"../../../Engine/Content/EngineSky/VolumetricClouds/T_NoiseErosion.uasset" 547
"../../../Engine/Content/EngineSky/VolumetricClouds/T_VolumeNoiseErosion32.uasset" 548
"../../../Engine/Content/EngineSky/VolumetricClouds/CloudWeatherTexture.uasset" 549
"../../../Engine/Content/EngineSky/VolumetricClouds/CloudGradientTexture.uasset" 550
"../../../Engine/Content/Functions/Engine_MaterialFunctions02/Utility/MakeFloat2.uasset" 551
"../../../Engine/Content/EngineSky/VolumetricClouds/m_SimpleVolumetricCloud.uasset" 552
"../../../Engine/Content/EngineSky/VolumetricClouds/m_SimpleVolumetricCloud_Inst.uasset" 553
"../../../Engine/Content/EngineSounds/Master.uasset" 554
"../../../Engine/Content/Functions/Engine_MaterialFunctions01/Shading/PowerToRoughness.uasset" 555
"../../../Engine/Content/Maps/Templates/Thumbnails/Default.uasset" 556
"../../../Engine/Content/Maps/Templates/Thumbnails/TimeOfDay.uasset" 557
"../../../Engine/Content/Maps/Templates/Thumbnails/VR-Basic.uasset" 558
"../../../Engine/Content/MobileResources/T_MobileControls_texture.uasset" 559
"../../../Engine/Content/MobileResources/T_MobileMenu2.uasset" 560
"../../../Engine/Content/MobileResources/HUD/AnalogHat.uasset" 561
"../../../Engine/Content/MobileResources/HUD/VirtualJoystick_Thumb.uasset" 562
"../../../Engine/Content/MobileResources/HUD/VirtualJoystick_Background.uasset" 563
"../../../Engine/Content/MobileResources/HUD/DefaultVirtualJoysticks.uasset" 564
"../../../Engine/Content/MobileResources/HUD/LeftVirtualJoystickOnly.uasset" 565
"../../../Engine/Content/MobileResources/HUD/MobileHUDButton1_off.uasset" 566
"../../../Engine/Content/MobileResources/HUD/MobileHUDButton1_on.uasset" 567
"../../../Engine/Content/MobileResources/HUD/MobileHUDButton2_off.uasset" 568
"../../../Engine/Content/MobileResources/HUD/MobileHUDButton2_on.uasset" 569
"../../../Engine/Content/MobileResources/HUD/MobileHUDButton3.uasset" 570
"../../../Engine/Content/MobileResources/HUD/MobileHUDButtonFire.uasset" 571
"../../../Engine/Content/MobileResources/HUD/MobileHUDDirectionPad.uasset" 572
"../../../Engine/Content/MobileResources/HUD/MobileHUDDirectionPad2.uasset" 573
"../../../Engine/Content/MobileResources/HUD/MobileHUDDirectionPad3.uasset" 574
"../../../Engine/Content/MobileResources/HUD/MobileHUDDirectionStick.uasset" 575
"../../../Engine/Content/MobileResources/HUD/T_Castle_ThumbstickInner.uasset" 576
"../../../Engine/Content/MobileResources/HUD/T_Castle_ThumbstickOutter.uasset" 577
"../../../Engine/Content/Tutorial/ContentIntroCurve.uasset" 578
"../../../Engine/Content/Tutorial/Basics/LevelEditorAttract.uasset" 579
"../../../Engine/Content/Tutorial/Basics/TutorialAssets/icon_tab_Levels_40x.uasset" 580
"../../../Engine/Content/Tutorial/Basics/LevelEditorOverview.uasset" 581
"../../../Engine/Content/Tutorial/BlueprintTutorials/TutorialAssets/Blueprint_64x.uasset" 582
"../../../Engine/Content/Tutorial/BlueprintTutorials/BlueprintEditorTutorial.uasset" 583
"../../../Engine/Content/Tutorial/Landscape/TutorialAssets/Landscape.uasset" 584
"../../../Engine/Content/Tutorial/Landscape/LandscapeWalkThrough.uasset" 585
"../../../Engine/Content/Tutorial/Landscape/Landscape_Manage_Mode.uasset" 586
"../../../Engine/Content/Tutorial/Landscape/Landscape_Painting_Mode.uasset" 587
"../../../Engine/Content/Tutorial/Landscape/Landscape_Sculpt_Mode.uasset" 588
"../../../Engine/Content/Tutorial/SubEditors/ParticleSystemEditorTutorial.uasset" 589
"../../../Engine/Content/Tutorial/SubEditors/TutorialAssets/T_soft_smoke.uasset" 590
"../../../Engine/Content/Tutorial/SubEditors/TutorialAssets/T_SmokeSubUV_8X8.uasset" 591
"../../../Engine/Content/Tutorial/SubEditors/TutorialAssets/M_smoke_subUV_blackbody.uasset" 592
"../../../Engine/Content/Tutorial/SubEditors/TutorialAssets/TutorialParticleSystem.uasset" 593
"../../../Engine/Content/VREditor/TransformGizmo/TranslucentTransformGizmoMaterial.uasset" 594
"../../../Engine/Content/VREditor/LaserPointer/VR_LaserPower_01.uasset" 595
"../../../Engine/Content/VREditor/TransformGizmo/TransformGizmoMaterial.uasset" 596
"../../../Engine/Content/VREditor/TransformGizmo/BoundingBoxCorner.uasset" 597
"../../../Engine/Content/VREditor/TransformGizmo/BoundingBoxEdge.uasset" 598
"../../../Engine/Content/VREditor/TransformGizmo/PlaneTranslationHandle.uasset" 599
"../../../Engine/Content/VREditor/TransformGizmo/Xray.uasset" 600
"../../../Engine/Content/VREditor/TransformGizmo/Main.uasset" 601
"../../../Engine/Content/VREditor/TransformGizmo/SM_Sequencer_Key.uasset" 602
"../../../Engine/Content/VREditor/TransformGizmo/SM_Sequencer_Node.uasset" 603
"../../Plugins/2D/Paper2D/Content/PlaceholderTextures/DummySpriteTexture.uasset" 604
"../../Plugins/2D/Paper2D/Content/DummySprite.uasset" 605
"../../Plugins/2D/Paper2D/Content/DefaultPaperTerrainMaterial.uasset" 606
"../../Plugins/2D/Paper2D/Content/DefaultSpriteMaterial.uasset" 607
"../../Plugins/2D/Paper2D/Content/MaskedUnlitSpriteMaterial.uasset" 608
"../../Plugins/2D/Paper2D/Content/OpaqueUnlitSpriteMaterial.uasset" 609
"../../../Engine/Content/Functions/Engine_MaterialFunctions02/Utility/BreakOutFloat3Components.uasset" 610
"../../../Engine/Content/Functions/Engine_MaterialFunctions02/ObjectLocalBounds.uasset" 611
"../../Plugins/Editor/SpeedTreeImporter/Content/SpeedTree9/SpeedTreeBillboard.uasset" 612
"../../Plugins/Editor/SpeedTreeImporter/Content/SpeedTree9/game_wind_noise.uasset" 613
"../../Plugins/Editor/SpeedTreeImporter/Content/SpeedTree9/UnpackInteger3.uasset" 614
"../../Plugins/Editor/SpeedTreeImporter/Content/SpeedTree9/UnpackDirection.uasset" 615
"../../../Engine/Content/Functions/Engine_MaterialFunctions02/SafeNormalize.uasset" 616
"../../Plugins/Editor/SpeedTreeImporter/Content/SpeedTree9/SpeedTreeWindMotion.uasset" 617
"../../Plugins/Editor/SpeedTreeImporter/Content/SpeedTree9/SpeedTreeBranchMotion.uasset" 618
"../../../Engine/Content/Functions/Engine_MaterialFunctions02/UVs/BoundingBoxBased_0-1_UVW.uasset" 619
"../../Plugins/Editor/SpeedTreeImporter/Content/SpeedTree9/SpeedTreeWind.uasset" 620
"../../../Engine/Content/EngineResources/DefaultTexture.uasset" 621
"../../Plugins/Editor/SpeedTreeImporter/Content/SpeedTree9/SpeedTreeBillboardMaster.uasset" 622
"../../Plugins/Editor/SpeedTreeImporter/Content/SpeedTree9/SpeedTreeCameraFacing.uasset" 623
"../../Plugins/Editor/SpeedTreeImporter/Content/SpeedTree9/SpeedTreeMaster.uasset" 624
"../../../Engine/Content/ArtTools/RenderToTexture/Materials/Debug/M_Emissive_Color.uasset" 625
"../../../Engine/Content/BasicShapes/Cylinder.uasset" 626
"../../Plugins/Lumin/MagicLeapPassableWorld/Content/MagicLeapARPinInfoActor.uasset" 627
"../../../Engine/Content/EngineResources/Cursors/Arrow.uasset" 628
"../../Plugins/Media/PixelStreaming/Content/DefaultCursor.uasset" 629
"../../Plugins/Media/PixelStreaming/Content/HiddenCursor.uasset" 630
"../../Plugins/Media/PixelStreaming/Content/TextEditBeamTexture.uasset" 631
"../../Plugins/Media/PixelStreaming/Content/TextEditBeamCursor.uasset" 632
"../../Plugins/Runtime/WebBrowserWidget/Content/WebTexture_T.uasset" 633
"../../Plugins/Runtime/WebBrowserWidget/Content/WebTexture_M.uasset" 634
"../../Plugins/Runtime/WebBrowserWidget/Content/WebTexture_TM.uasset" 635
"../../../Engine/Content/Functions/Engine_MaterialFunctions02/Utility/BreakOutFloat4Components.uasset" 636
"../../../Engine/Content/Functions/Engine_MaterialFunctions02/Utility/MakeFloat3.uasset" 637
"../../Plugins/Runtime/Oculus/OculusVR/Content/Materials/OculusMR_ChromaKey.uasset" 638
"../../Plugins/Runtime/Oculus/OculusVR/Content/Materials/OculusMR_OpaqueColoredMaterial.uasset" 639
"../../Plugins/Runtime/Oculus/OculusVR/Content/Materials/PokeAHoleMaterial.uasset" 640
"../../../../../../Users/Ruggo/Documents/Unity projects/MVP-Build-Org/Content/Main.umap" 641
"../../../Engine/Content/BasicShapes/Cube.uasset" 642
"../../../Engine/Content/EngineSky/T_Sky_Stars.uasset" 643
"../../../Engine/Content/EngineSky/T_Sky_Clouds_M.uasset" 644
"../../../Engine/Content/EngineSky/T_Sky_Blue.uasset" 645
"../../../Engine/Content/EngineSky/M_Sky_Panning_Clouds2.uasset" 646
"../../../../../../Users/Ruggo/Documents/Unity projects/MVP-Build-Org/Content/Virtual_Studio_Kit/Maps/Test_BuiltData.uasset" 647
"../../../Engine/Content/EngineSky/SM_SkySphere.uasset" 648
"../../../Engine/Content/EngineSky/C_Sky_Zenith_Color.uasset" 649
"../../../Engine/Content/EngineSky/C_Sky_Horizon_Color.uasset" 650
"../../../Engine/Content/EngineSky/C_Sky_Cloud_Color.uasset" 651
"../../../Engine/Content/EngineSky/BP_Sky_Sphere.uasset" 652
"../../../../../../Users/Ruggo/Documents/Unity projects/MVP-Build-Org/Content/Virtual_Studio_Kit/Maps/Test.umap" 653
"../../../../../../Users/Ruggo/Documents/Unity projects/MVP-Build-Org/Content/Virtual_Studio_Kit/Textures/HDRI_Epic_Courtyard_Daylight.uasset" 654
"../../../../../../Users/Ruggo/Documents/Unity projects/MVP-Build-Org/Content/Virtual_Studio_Kit/Meshes/Paragon/Mod_Window_Treatment.uasset" 655
"../../../../../../Users/Ruggo/Documents/Unity projects/MVP-Build-Org/Content/Virtual_Studio_Kit/Meshes/Paragon/Mod_Truss_6ft.uasset" 656
"../../../../../../Users/Ruggo/Documents/Unity projects/MVP-Build-Org/Content/Virtual_Studio_Kit/Materials/M_Basic_Wall.uasset" 657
"../../../../../../Users/Ruggo/Documents/Unity projects/MVP-Build-Org/Content/Virtual_Studio_Kit/Meshes/Paragon/Mod_Stairway_Blocker.uasset" 658
"../../../../../../Users/Ruggo/Documents/Unity projects/MVP-Build-Org/Content/Virtual_Studio_Kit/Textures/Wood_Cherry_Floor_normal.uasset" 659
"../../../../../../Users/Ruggo/Documents/Unity projects/MVP-Build-Org/Content/Virtual_Studio_Kit/Textures/Wood_Cherry_Floor_basecolor.uasset" 660
"../../../../../../Users/Ruggo/Documents/Unity projects/MVP-Build-Org/Content/Virtual_Studio_Kit/Materials/Glossy/M_Floor_Inst4.uasset" 661
"../../../../../../Users/Ruggo/Documents/Unity projects/MVP-Build-Org/Content/Virtual_Studio_Kit/Meshes/Paragon/Mod_Stairs.uasset" 662
"../../../../../../Users/Ruggo/Documents/Unity projects/MVP-Build-Org/Content/Virtual_Studio_Kit/Textures/T_Wavy_NRM.uasset" 663
"../../../../../../Users/Ruggo/Documents/Unity projects/MVP-Build-Org/Content/Virtual_Studio_Kit/Materials/Glass/M_Glass.uasset" 664
"../../../../../../Users/Ruggo/Documents/Unity projects/MVP-Build-Org/Content/Virtual_Studio_Kit/Materials/Glass/M_Glass_Int_01_Inst.uasset" 665
"../../../../../../Users/Ruggo/Documents/Unity projects/MVP-Build-Org/Content/Virtual_Studio_Kit/Meshes/Paragon/Mod_Stair_Railing.uasset" 666
"../../../../../../Users/Ruggo/Documents/Unity projects/MVP-Build-Org/Content/Virtual_Studio_Kit/Textures/T_Light_Ring.uasset" 667
"../../../../../../Users/Ruggo/Documents/Unity projects/MVP-Build-Org/Content/Virtual_Studio_Kit/Textures/Mod_Stage_Light_01_Plastic_Roughness.uasset" 668
"../../../../../../Users/Ruggo/Documents/Unity projects/MVP-Build-Org/Content/Virtual_Studio_Kit/Textures/Mod_Stage_Light_01_Plastic_Normal.uasset" 669
"../../../../../../Users/Ruggo/Documents/Unity projects/MVP-Build-Org/Content/Virtual_Studio_Kit/Textures/Mod_Stage_Light_01_Plastic_Metallic.uasset" 670
"../../../../../../Users/Ruggo/Documents/Unity projects/MVP-Build-Org/Content/Virtual_Studio_Kit/Textures/Mod_Stage_Light_01_Plastic_Emissive.uasset" 671
"../../../../../../Users/Ruggo/Documents/Unity projects/MVP-Build-Org/Content/Virtual_Studio_Kit/Textures/Mod_Stage_Light_01_Plastic_BaseColor.uasset" 672
"../../../Engine/Content/Functions/Engine_MaterialFunctions01/Gradient/LinearGradient.uasset" 673
"../../../Engine/Content/Functions/Engine_MaterialFunctions01/ImageAdjustment/CheapContrast.uasset" 674
"../../../../../../Users/Ruggo/Documents/Unity projects/MVP-Build-Org/Content/Virtual_Studio_Kit/Meshes/Paragon/Plastic.uasset" 675
"../../../../../../Users/Ruggo/Documents/Unity projects/MVP-Build-Org/Content/Virtual_Studio_Kit/Meshes/Paragon/Mod_Stage_Light_01.uasset" 676
"../../../../../../Users/Ruggo/Documents/Unity projects/MVP-Build-Org/Content/Virtual_Studio_Kit/Meshes/Paragon/Mod_Square_Light_SM.uasset" 677
"../../../../../../Users/Ruggo/Documents/Unity projects/MVP-Build-Org/Content/Virtual_Studio_Kit/Materials/LEDWalls/Paragon/M_Glow_Blue.uasset" 678
"../../../../../../Users/Ruggo/Documents/Unity projects/MVP-Build-Org/Content/Virtual_Studio_Kit/Meshes/Paragon/Mod_Square_Light.uasset" 679
"../../../../../../Users/Ruggo/Documents/Unity projects/MVP-Build-Org/Content/Virtual_Studio_Kit/Meshes/Paragon/Mod_Railing_200cm.uasset" 680
"../../../../../../Users/Ruggo/Documents/Unity projects/MVP-Build-Org/Content/Virtual_Studio_Kit/Meshes/Paragon/Mod_Platform.uasset" 681
"../../../../../../Users/Ruggo/Documents/Unity projects/MVP-Build-Org/Content/Virtual_Studio_Kit/Meshes/Paragon/Mod_Light_Fixture_10ft.uasset" 682
"../../../../../../Users/Ruggo/Documents/Unity projects/MVP-Build-Org/Content/Virtual_Studio_Kit/Textures/T_Light_Shape_Quad.uasset" 683
"../../../../../../Users/Ruggo/Documents/Unity projects/MVP-Build-Org/Content/Virtual_Studio_Kit/Materials/Glow/M_Glow_Inst3.uasset" 684
"../../../../../../Users/Ruggo/Documents/Unity projects/MVP-Build-Org/Content/Virtual_Studio_Kit/Textures/T_Wavy_NRM_002.uasset" 685
"../../../../../../Users/Ruggo/Documents/Unity projects/MVP-Build-Org/Content/Virtual_Studio_Kit/Textures/T_Metal_Steel_D.uasset" 686
"../../../../../../Users/Ruggo/Documents/Unity projects/MVP-Build-Org/Content/Virtual_Studio_Kit/Materials/Glossy/M_Glossy_Floor.uasset" 687
"../../../../../../Users/Ruggo/Documents/Unity projects/MVP-Build-Org/Content/Virtual_Studio_Kit/Materials/Glossy/M_Glossy_Floor_Inst6.uasset" 688
"../../../../../../Users/Ruggo/Documents/Unity projects/MVP-Build-Org/Content/Virtual_Studio_Kit/Meshes/Paragon/Mod_light_001.uasset" 689
"../../../../../../Users/Ruggo/Documents/Unity projects/MVP-Build-Org/Content/Virtual_Studio_Kit/Meshes/Paragon/Mod_Ibeam_Base.uasset" 690
"../../../../../../Users/Ruggo/Documents/Unity projects/MVP-Build-Org/Content/Virtual_Studio_Kit/Meshes/Paragon/Mod_Ibeam_20ft_High.uasset" 691
"../../../../../../Users/Ruggo/Documents/Unity projects/MVP-Build-Org/Content/Virtual_Studio_Kit/Meshes/Paragon/Mod_Ibeam_20ft.uasset" 692
"../../../../../../Users/Ruggo/Documents/Unity projects/MVP-Build-Org/Content/Virtual_Studio_Kit/Textures/Corrugated_HAV_roughness.uasset" 693
"../../../../../../Users/Ruggo/Documents/Unity projects/MVP-Build-Org/Content/Virtual_Studio_Kit/Textures/Corrugated_HAV_normal.uasset" 694
"../../../../../../Users/Ruggo/Documents/Unity projects/MVP-Build-Org/Content/Virtual_Studio_Kit/Textures/Corrugated_HAV_basecolor.uasset" 695
"../../../../../../Users/Ruggo/Documents/Unity projects/MVP-Build-Org/Content/Virtual_Studio_Kit/Materials/Glossy/M_Floor_Inst10.uasset" 696
"../../../../../../Users/Ruggo/Documents/Unity projects/MVP-Build-Org/Content/Virtual_Studio_Kit/Meshes/Paragon/Mod_HAV_Straight_20ft.uasset" 697
"../../../../../../Users/Ruggo/Documents/Unity projects/MVP-Build-Org/Content/Virtual_Studio_Kit/Meshes/Paragon/Mod_Floor_400x400.uasset" 698
"../../../../../../Users/Ruggo/Documents/Unity projects/MVP-Build-Org/Content/Virtual_Studio_Kit/Meshes/Paragon/Mod_Floor_30x6.uasset" 699
"../../../../../../Users/Ruggo/Documents/Unity projects/MVP-Build-Org/Content/Virtual_Studio_Kit/Meshes/Paragon/Mod_Floor_20x20.uasset" 700
"../../../../../../Users/Ruggo/Documents/Unity projects/MVP-Build-Org/Content/Virtual_Studio_Kit/Textures/Eithernet_Cables_roughness.uasset" 701
"../../../../../../Users/Ruggo/Documents/Unity projects/MVP-Build-Org/Content/Virtual_Studio_Kit/Textures/Eithernet_Cables_normal.uasset" 702
"../../../../../../Users/Ruggo/Documents/Unity projects/MVP-Build-Org/Content/Virtual_Studio_Kit/Textures/Eithernet_Cables_basecolor.uasset" 703
"../../../../../../Users/Ruggo/Documents/Unity projects/MVP-Build-Org/Content/Virtual_Studio_Kit/Textures/Eithernet_Cables_ambientocclusion.uasset" 704
"../../../../../../Users/Ruggo/Documents/Unity projects/MVP-Build-Org/Content/Virtual_Studio_Kit/Materials/Glossy/M_Floor_Inst9.uasset" 705
"../../../../../../Users/Ruggo/Documents/Unity projects/MVP-Build-Org/Content/Virtual_Studio_Kit/Meshes/Paragon/Mod_Eithernet_Cables_001.uasset" 706
"../../../../../../Users/Ruggo/Documents/Unity projects/MVP-Build-Org/Content/Virtual_Studio_Kit/Meshes/Paragon/Mod_Eithernet_Cables.uasset" 707
"../../../../../../Users/Ruggo/Documents/Unity projects/MVP-Build-Org/Content/Virtual_Studio_Kit/Meshes/Paragon/Mod_Duratran.uasset" 708
"../../../../../../Users/Ruggo/Documents/Unity projects/MVP-Build-Org/Content/Virtual_Studio_Kit/Meshes/Paragon/Mod_Ceiling_Tile.uasset" 709
"../../../../../../Users/Ruggo/Documents/Unity projects/MVP-Build-Org/Content/Virtual_Studio_Kit/Meshes/Paragon/Mod_Cable.uasset" 710
"../../../../../../Users/Ruggo/Documents/Unity projects/MVP-Build-Org/Content/Virtual_Studio_Kit/Textures/Brushed_Metal_roughness.uasset" 711
"../../../../../../Users/Ruggo/Documents/Unity projects/MVP-Build-Org/Content/Virtual_Studio_Kit/Textures/Brushed_Metal_normal.uasset" 712
"../../../../../../Users/Ruggo/Documents/Unity projects/MVP-Build-Org/Content/Virtual_Studio_Kit/Textures/Brushed_Metal_basecolor.uasset" 713
"../../../../../../Users/Ruggo/Documents/Unity projects/MVP-Build-Org/Content/Virtual_Studio_Kit/Textures/Brushed_Metal_ambientocclusion.uasset" 714
"../../../../../../Users/Ruggo/Documents/Unity projects/MVP-Build-Org/Content/Virtual_Studio_Kit/Materials/Glossy/M_Floor_Inst7.uasset" 715
"../../../../../../Users/Ruggo/Documents/Unity projects/MVP-Build-Org/Content/Virtual_Studio_Kit/Meshes/Paragon/Mod_Beam_Feet.uasset" 716
"../../../../../../Users/Ruggo/Documents/Unity projects/MVP-Build-Org/Content/Virtual_Studio_Kit/Meshes/Paragon/Mod_Angle_Wall.uasset" 717
"../../../../../../Users/Ruggo/Documents/Unity projects/MVP-Build-Org/Content/Virtual_Studio_Kit/Meshes/Paragon/M_Ring_Light.uasset" 718
"../../../Engine/Content/BasicShapes/Sphere.uasset" 719
"../../../../../../Users/Ruggo/Documents/Unity projects/MVP-Build-Org/Content/Virtual_Studio_Kit/Materials/LEDWalls/Paragon/M_Glow_Yellow.uasset" 720
"../../../../../../Users/Ruggo/Documents/Unity projects/MVP-Build-Org/Content/Virtual_Studio_Kit/Materials/LEDWalls/Paragon/M_Glossy_Floor_Red.uasset" 721
"../../../../../../Users/Ruggo/Documents/Unity projects/MVP-Build-Org/Content/Virtual_Studio_Kit/Materials/LEDWalls/Paragon/M_Glossy_Floor_Inst8.uasset" 722
"../../../../../../Users/Ruggo/Documents/Unity projects/MVP-Build-Org/Content/Virtual_Studio_Kit/Materials/LEDWalls/Paragon/M_16x9_Monitor11.uasset" 723
"../../../../../../Users/Ruggo/Documents/Unity projects/MVP-Build-Org/Content/Virtual_Studio_Kit/Materials/Glow/M_Glow_Inst2.uasset" 724
"../../../../../../Users/Ruggo/Documents/Unity projects/MVP-Build-Org/Content/Virtual_Studio_Kit/Materials/Glossy/M_Glossy_Floor_Inst3.uasset" 725
"../../../../../../Users/Ruggo/Documents/Unity projects/MVP-Build-Org/Content/Virtual_Studio_Kit/Materials/Glossy/M_Glossy_Floor_Inst.uasset" 726
"../../../Engine/Content/ArtTools/RenderToTexture/Textures/T_EV_BlankWhite_01.uasset" 727
"../../../../../../Users/Ruggo/Documents/Unity projects/MVP-Build-Org/Content/Virtual_Studio_Kit/Materials/Glossy/M_Floor_inst_LD1_3.uasset" 728
"../../../../../../Users/Ruggo/Documents/Unity projects/MVP-Build-Org/Content/Virtual_Studio_Kit/Materials/Glossy/M_Floor_inst_LD1_2.uasset" 729
"../../../../../../Users/Ruggo/Documents/Unity projects/MVP-Build-Org/Content/Virtual_Studio_Kit/Materials/Glossy/M_Floor_inst_LD1.uasset" 730
"../../../../../../Users/Ruggo/Documents/Unity projects/MVP-Build-Org/Content/Virtual_Studio_Kit/Materials/Glossy/M_Floor_inst_LD.uasset" 731
"../../../Engine/Content/BasicShapes/BasicShapeMaterial.uasset" 732
"../../../../../../Users/Ruggo/Documents/Unity projects/MVP-Build-Org/Content/Virtual_Studio_Kit/Maps/TrackerlessStudio_BuiltData.uasset" 733
"../../../../../../Users/Ruggo/Documents/Unity projects/MVP-Build-Org/Content/Virtual_Studio_Kit/Textures/Concrete_roughness.uasset" 734
"../../../../../../Users/Ruggo/Documents/Unity projects/MVP-Build-Org/Content/Virtual_Studio_Kit/Textures/Concrete_normal.uasset" 735
"../../../../../../Users/Ruggo/Documents/Unity projects/MVP-Build-Org/Content/Virtual_Studio_Kit/Textures/Concrete_basecolor.uasset" 736
"../../../../../../Users/Ruggo/Documents/Unity projects/MVP-Build-Org/Content/Virtual_Studio_Kit/Materials/Concrete/M_Floor_Inst3.uasset" 737
"../../../../../../Users/Ruggo/Documents/Unity projects/MVP-Build-Org/Content/Virtual_Studio_Kit/IES/XArrowSoft.uasset" 738
"../../../../../../Users/Ruggo/Documents/Unity projects/MVP-Build-Org/Content/StarterContent/Textures/T_Dust_Particle_D.uasset" 739
"../../../../../../Users/Ruggo/Documents/Unity projects/MVP-Build-Org/Content/StarterContent/Particles/Materials/M_Dust_Particle.uasset" 740
"../../../../../../Users/Ruggo/Documents/Unity projects/MVP-Build-Org/Content/StarterContent/Particles/P_Ambient_Dust.uasset" 741
"../../../../../../Users/Ruggo/Documents/Unity projects/MVP-Build-Org/Content/Movies/Balbi_Steal.uasset" 742
"../../../../../../Users/Ruggo/Documents/Unity projects/MVP-Build-Org/Content/Movies/Balbi_Steal_Video.uasset" 743
"../../../../../../Users/Ruggo/Documents/Unity projects/MVP-Build-Org/Content/Movies/Balbi_Steal_Video_Mat.uasset" 744
"../../../Engine/Content/Functions/Engine_MaterialFunctions02/Utility/VectorLength.uasset" 745
"../../../../../../Users/Ruggo/Documents/Unity projects/MVP-Build-Org/Content/Materials/MF_SampleSceneTextureNeighbourUVs.uasset" 746
"../../../../../../Users/Ruggo/Documents/Unity projects/MVP-Build-Org/Content/Materials/MF_ExtractDepth.uasset" 747
"../../../Engine/Content/Functions/Engine_MaterialFunctions02/SplitComponents.uasset" 748
"../../../../../../Users/Ruggo/Documents/Unity projects/MVP-Build-Org/Content/Materials/MF_ConvolveTexture.uasset" 749
"../../../../../../Users/Ruggo/Documents/Unity projects/MVP-Build-Org/Content/Materials/PP_Outliner_M.uasset" 750
"../../../../../../Users/Ruggo/Documents/Unity projects/MVP-Build-Org/Content/Materials/PP_Outliner_Inst.uasset" 751
"../../../../../../Users/Ruggo/Documents/Unity projects/MVP-Build-Org/Content/Materials/PPM_Outline.uasset" 752
"../../../../../../Users/Ruggo/Documents/Unity projects/MVP-Build-Org/Content/Materials/PPM_Outline_Inst.uasset" 753
"../../../../../../Users/Ruggo/Documents/Unity projects/MVP-Build-Org/Content/Mannequin/Character/Mesh/SK_Mannequin_PhysicsAsset.uasset" 754
"../../../../../../Users/Ruggo/Documents/Unity projects/MVP-Build-Org/Content/Mannequin/Character/Textures/UE4Man_Logo_N.uasset" 755
"../../../../../../Users/Ruggo/Documents/Unity projects/MVP-Build-Org/Content/Mannequin/Character/Textures/UE4_Mannequin_MAT_MASKA.uasset" 756
"../../../../../../Users/Ruggo/Documents/Unity projects/MVP-Build-Org/Content/Mannequin/Character/Textures/UE4_Mannequin__normals.uasset" 757
"../../../../../../Users/Ruggo/Documents/Unity projects/MVP-Build-Org/Content/Mannequin/Character/Materials/MaterialLayers/T_ML_Aluminum01_N.uasset" 758
"../../../../../../Users/Ruggo/Documents/Unity projects/MVP-Build-Org/Content/Mannequin/Character/Materials/MaterialLayers/T_ML_Aluminum01.uasset" 759
"../../../../../../Users/Ruggo/Documents/Unity projects/MVP-Build-Org/Content/Mannequin/Character/Materials/MaterialLayers/ML_SoftMetal_UE4.uasset" 760
"../../../../../../Users/Ruggo/Documents/Unity projects/MVP-Build-Org/Content/Mannequin/Character/Textures/UE4_LOGO_CARD.uasset" 761
"../../../../../../Users/Ruggo/Documents/Unity projects/MVP-Build-Org/Content/Mannequin/Character/Materials/MaterialLayers/ML_Plastic_Shiny_Beige_LOGO.uasset" 762
"../../../../../../Users/Ruggo/Documents/Unity projects/MVP-Build-Org/Content/Mannequin/Character/Materials/MaterialLayers/ML_Plastic_Shiny_Beige.uasset" 763
"../../../../../../Users/Ruggo/Documents/Unity projects/MVP-Build-Org/Content/Mannequin/Character/Materials/MaterialLayers/T_ML_Rubber_Blue_01_N.uasset" 764
"../../../../../../Users/Ruggo/Documents/Unity projects/MVP-Build-Org/Content/Mannequin/Character/Materials/MaterialLayers/T_ML_Rubber_Blue_01_D.uasset" 765
"../../../../../../Users/Ruggo/Documents/Unity projects/MVP-Build-Org/Content/Mannequin/Character/Materials/MaterialLayers/ML_GlossyBlack_Latex_UE4.uasset" 766
"../../../Engine/Content/Functions/MaterialLayerFunctions/MatLayerBlend_Simple.uasset" 767
"../../../Engine/Content/Functions/Engine_MaterialFunctions02/Utility/BlendAngleCorrectedNormals.uasset" 768
"../../../Engine/Content/Functions/MaterialLayerFunctions/MatLayerBlend_NormalBlend.uasset" 769
"../../../../../../Users/Ruggo/Documents/Unity projects/MVP-Build-Org/Content/Mannequin/Character/Materials/M_UE4Man_Body.uasset" 770
"../../../../../../Users/Ruggo/Documents/Unity projects/MVP-Build-Org/Content/Mannequin/Character/Materials/M_UE4Man_ChestLogo.uasset" 771
"../../../../../../Users/Ruggo/Documents/Unity projects/MVP-Build-Org/Content/Mannequin/Character/Mesh/SK_Mannequin.uasset" 772
"../../../../../../Users/Ruggo/Documents/Unity projects/MVP-Build-Org/Content/Blueprint/WebPage.uasset" 773
"../../../../../../Users/Ruggo/Documents/Unity projects/MVP-Build-Org/Content/Blueprint/WebPage3dActor.uasset" 774
"../../../../../../Users/Ruggo/Documents/Unity projects/MVP-Build-Org/Content/Movies/Balbi_Steal__Ghosts__.uasset" 775
"../../../../../../Users/Ruggo/Documents/Unity projects/MVP-Build-Org/Content/Blueprint/TV_Boys.uasset" 776
"../../../../../../Users/Ruggo/Documents/Unity projects/MVP-Build-Org/Content/Assets/Audio/SoundAttenuations/SA_DiantMonitor.uasset" 777
"../../../../../../Users/Ruggo/Documents/Unity projects/MVP-Build-Org/Content/Blueprint/GiantMonitor.uasset" 778
"../../../../../../Users/Ruggo/Documents/Unity projects/MVP-Build-Org/Content/Virtual_Studio_Kit/Maps/TrackerlessStudio.umap" 779
"../../../Engine/Content/Maps/Entry_BuiltData.uasset" 780
"../../../Engine/Content/Maps/Entry.umap" 781
